[  +11 ms] executing: sysctl hw.optional.arm64
[   +3 ms] Exit code 0 from: sysctl hw.optional.arm64
[        ] hw.optional.arm64: 1
[   +2 ms] Artifact Instance of 'MaterialFonts' is not required, skipping update.
[        ] Artifact Instance of 'GradleWrapper' is not required, skipping update.
[        ] Artifact Instance of 'AndroidGenSnapshotArtifacts' is not required, skipping update.
[        ] Artifact Instance of 'AndroidInternalBuildArtifacts' is not required, skipping update.
[        ] Artifact Instance of 'IOSEngineArtifacts' is not required, skipping update.
[        ] Artifact Instance of 'FlutterWebSdk' is not required, skipping update.
[        ] Artifact Instance of 'LegacyCanvasKitRemover' is not required, skipping update.
[        ] Artifact Instance of 'FlutterSdk' is not required, skipping update.
[        ] Artifact Instance of 'WindowsEngineArtifacts' is not required, skipping update.
[        ] Artifact Instance of 'MacOSEngineArtifacts' is not required, skipping update.
[        ] Artifact Instance of 'LinuxEngineArtifacts' is not required, skipping update.
[        ] Artifact Instance of 'LinuxFuchsiaSDKArtifacts' is not required, skipping update.
[        ] Artifact Instance of 'MacOSFuchsiaSDKArtifacts' is not required, skipping update.
[        ] Artifact Instance of 'FlutterRunnerSDKArtifacts' is not required, skipping update.
[        ] Artifact Instance of 'FlutterRunnerDebugSymbols' is not required, skipping update.
[        ] Artifact Instance of 'IosUsbArtifacts' is not required, skipping update.
[        ] Artifact Instance of 'IosUsbArtifacts' is not required, skipping update.
[        ] Artifact Instance of 'IosUsbArtifacts' is not required, skipping update.
[        ] Artifact Instance of 'IosUsbArtifacts' is not required, skipping update.
[        ] Artifact Instance of 'IosUsbArtifacts' is not required, skipping update.
[        ] Artifact Instance of 'IosUsbArtifacts' is not required, skipping update.
[        ] Artifact Instance of 'FontSubsetArtifacts' is not required, skipping update.
[        ] Artifact Instance of 'PubDependencies' is not required, skipping update.
[        ] executing: [/Users/ahmedabdalmajed/Development/flutter/] git -c log.showSignature=false log HEAD -n 1 --pretty=format:%ad --date=iso
[  +10 ms] Exit code 0 from: git -c log.showSignature=false log HEAD -n 1 --pretty=format:%ad --date=iso
[        ] 2025-12-11 11:50:07 -0500
[  +13 ms] executing: sysctl hw.optional.arm64
[   +2 ms] Exit code 0 from: sysctl hw.optional.arm64
[        ] hw.optional.arm64: 1
[        ] executing: /usr/bin/arch -arm64e xcrun xcodebuild -version
[  +59 ms] Exit code 0 from: /usr/bin/arch -arm64e xcrun xcodebuild -version
[        ] Xcode 26.2
           Build version 17C52
[        ] executing: /usr/bin/arch -arm64e xcrun xcdevice list --timeout 5
[   +1 ms] Artifact Instance of 'AndroidGenSnapshotArtifacts' is not required, skipping update.
[        ] Artifact Instance of 'AndroidInternalBuildArtifacts' is not required, skipping update.
[        ] Artifact Instance of 'IOSEngineArtifacts' is not required, skipping update.
[        ] Artifact Instance of 'FlutterWebSdk' is not required, skipping update.
[        ] Artifact Instance of 'FlutterEngineStamp' is not required, skipping update.
[        ] Artifact Instance of 'LegacyCanvasKitRemover' is not required, skipping update.
[        ] Artifact Instance of 'WindowsEngineArtifacts' is not required, skipping update.
[        ] Artifact Instance of 'MacOSEngineArtifacts' is not required, skipping update.
[        ] Artifact Instance of 'LinuxEngineArtifacts' is not required, skipping update.
[        ] Artifact Instance of 'LinuxFuchsiaSDKArtifacts' is not required, skipping update.
[        ] Artifact Instance of 'MacOSFuchsiaSDKArtifacts' is not required, skipping update.
[        ] Artifact Instance of 'FlutterRunnerSDKArtifacts' is not required, skipping update.
[        ] Artifact Instance of 'FlutterRunnerDebugSymbols' is not required, skipping update.
[  +12 ms] executing: /Users/ahmedabdalmajed/Library/Android/sdk/platform-tools/adb devices -l
[        ] executing: /usr/bin/arch -arm64e xcrun xcdevice list --timeout 2
[        ] executing: /usr/bin/arch -arm64e xcrun simctl list devices booted
[  +72 ms] /usr/bin/arch -arm64e xcrun simctl list devices booted iOS --json
[        ] executing: /usr/bin/arch -arm64e xcrun simctl list devices booted iOS --json
[  +17 ms] List of devices attached
           emulator-5554          device product:sdk_gphone64_arm64 model:sdk_gphone64_arm64 device:emu64a transport_id:15
[  +65 ms] {
             "devices" : {
               "com.apple.CoreSimulator.SimRuntime.iOS-26-2" : [

               ],
               "com.apple.CoreSimulator.SimRuntime.iOS-26-1" : [

               ]
             }
           }
[+2376 ms] [
             {
               "simulator" : true,
               "operatingSystemVersion" : "26.2 (23C54)",
               "available" : true,
               "platform" : "com.apple.platform.iphonesimulator",
               "modelCode" : "iPhone18,4",
               "identifier" : "922D799F-CDE1-4F2A-8E7C-F4F6D002662D",
               "architecture" : "arm64",
               "modelUTI" : "com.apple.com.apple.iphone-air-1",
               "modelName" : "iPhone Air",
               "name" : "iPhone Air",
               "ignored" : false
             },
             {
               "simulator" : true,
               "operatingSystemVersion" : "26.2 (23C54)",
               "available" : true,
               "platform" : "com.apple.platform.iphonesimulator",
               "modelCode" : "iPad17,4",
               "identifier" : "80D936C2-324A-42F9-85F4-185DEF7027A5",
               "architecture" : "arm64",
               "modelUTI" : "com.apple.com.apple.ipad-pro-13-inch-m5-1",
               "modelName" : "iPad Pro 13-inch (M5)",
               "name" : "iPad Pro 13-inch (M5)",
               "ignored" : false
             },
             {
               "simulator" : true,
               "operatingSystemVersion" : "26.2 (23C54)",
               "available" : true,
               "platform" : "com.apple.platform.iphonesimulator",
               "modelCode" : "iPad15,3",
               "identifier" : "5FDD51C7-C818-4801-9061-4016374060FC",
               "architecture" : "arm64",
               "modelUTI" : "com.apple.ipad-air-m3-1",
               "modelName" : "iPad Air 11-inch (M3)",
               "name" : "iPad Air 11-inch (M3)",
               "ignored" : false
             },
             {
               "simulator" : true,
               "operatingSystemVersion" : "26.1 (23B86)",
               "available" : true,
               "platform" : "com.apple.platform.iphonesimulator",
               "modelCode" : "iPad15,5",
               "identifier" : "CBBF1941-5DB9-4D2B-9E6E-5F50C4B4C1B0",
               "architecture" : "arm64",
               "modelUTI" : "com.apple.ipad-air-m3-13-1",
               "modelName" : "iPad Air 13-inch (M3)",
               "name" : "iPad Air 13-inch (M3)",
               "ignored" : false
             },
             {
               "simulator" : true,
               "operatingSystemVersion" : "26.2 (23C54)",
               "available" : true,
               "platform" : "com.apple.platform.iphonesimulator",
               "modelCode" : "iPad17,2",
               "identifier" : "BFEA4365-19FA-4BA6-980D-D23A34525A59",
               "architecture" : "arm64",
               "modelUTI" : "com.apple.com.apple.ipad-pro-11-inch-m5-1",
               "modelName" : "iPad Pro 11-inch (M5)",
               "name" : "iPad Pro 11-inch (M5)",
               "ignored" : false
             },
             {
               "simulator" : true,
               "operatingSystemVersion" : "26.1 (23B86)",
               "available" : true,
               "platform" : "com.apple.platform.iphonesimulator",
               "modelCode" : "iPad16,2",
               "identifier" : "81E77B79-7903-4AD1-A526-D7B8EB6C02F1",
               "architecture" : "arm64",
               "modelUTI" : "com.apple.ipad-mini-a17-1",
               "modelName" : "iPad mini (A17 Pro)",
               "name" : "iPad mini (A17 Pro)",
               "ignored" : false
             },
             {
               "simulator" : true,
               "operatingSystemVersion" : "26.1 (23B86)",
               "available" : true,
               "platform" : "com.apple.platform.iphonesimulator",
               "modelCode" : "iPad17,4",
               "identifier" : "9F2AD0A1-D95D-4E2D-81DA-8D5BCA740AFD",
               "architecture" : "arm64",
               "modelUTI" : "com.apple.com.apple.ipad-pro-13-inch-m5-1",
               "modelName" : "iPad Pro 13-inch (M5)",
               "name" : "iPad Pro 13-inch (M5)",
               "ignored" : false
             },
             {
               "simulator" : true,
               "operatingSystemVersion" : "26.1 (23B86)",
               "available" : true,
               "platform" : "com.apple.platform.iphonesimulator",
               "modelCode" : "iPhone18,3",
               "identifier" : "CC98F406-2B78-429A-8D12-82191F90A9C4",
               "architecture" : "arm64",
               "modelUTI" : "com.apple.com.apple.iphone-17-2",
               "modelName" : "iPhone 17",
               "name" : "iPhone 17",
               "ignored" : false
             },
             {
               "simulator" : true,
               "operatingSystemVersion" : "26.1 (23B86)",
               "available" : true,
               "platform" : "com.apple.platform.iphonesimulator",
               "modelCode" : "iPad15,3",
               "identifier" : "7326B6B8-0DAD-4452-9076-02FBF72AF6BC",
               "architecture" : "arm64",
               "modelUTI" : "com.apple.ipad-air-m3-1",
               "modelName" : "iPad Air 11-inch (M3)",
               "name" : "iPad Air 11-inch (M3)",
               "ignored" : false
             },
             {
               "simulator" : true,
               "operatingSystemVersion" : "26.2 (23C54)",
               "available" : true,
               "platform" : "com.apple.platform.iphonesimulator",
               "modelCode" : "iPhone18,1",
               "identifier" : "0350F205-8BA2-4805-B9E3-4DC6C9ECC01E",
               "architecture" : "arm64",
               "modelUTI" : "com.apple.com.apple.iphone-17-pro-2",
               "modelName" : "iPhone 17 Pro",
               "name" : "iPhone 17 Pro",
               "ignored" : false
             },
             {
               "simulator" : true,
               "operatingSystemVersion" : "26.2 (23C54)",
               "available" : true,
               "platform" : "com.apple.platform.iphonesimulator",
               "modelCode" : "iPhone17,5",
               "identifier" : "A5E217A1-425F-49EA-85AE-A016C76BE55A",
               "architecture" : "arm64",
               "modelUTI" : "com.apple.iphone-16-e-1",
               "modelName" : "iPhone 16e",
               "name" : "iPhone 16e",
               "ignored" : false
             },
             {
               "ignored" : false,
               "modelCode" : "iPhone12,5",
               "simulator" : false,
               "modelName" : "iPhone 11 Pro Max",
               "error" : {
                 "code" : -27,
                 "failureReason" : "",
                 "description" : "Browsing on the local area network for KISRA7",
                 "recoverySuggestion" : "Ensure the device is unlocked and attached with a cable or associated with the same local area network as this Mac.\nThe device must be opted into Developer Mode to connect wirelessly.",
                 "domain" : "com.apple.dt.deviceprep"
               },
               "operatingSystemVersion" : "26.1 (23B85)",
               "identifier" : "00008030-000318E22238802E",
               "platform" : "com.apple.platform.iphoneos",
               "architecture" : "arm64e",
               "interface" : "usb",
               "available" : false,
               "name" : "KISRA7",
               "modelUTI" : "com.apple.iphone-11-pro-max-1"
             },
             {
               "simulator" : true,
               "operatingSystemVersion" : "26.1 (23B86)",
               "available" : true,
               "platform" : "com.apple.platform.iphonesimulator",
               "modelCode" : "iPhone18,4",
               "identifier" : "D6AD3B31-77B4-4B14-AA25-69256B124B63",
               "architecture" : "arm64",
               "modelUTI" : "com.apple.com.apple.iphone-air-1",
               "modelName" : "iPhone Air",
               "name" : "iPhone Air",
               "ignored" : false
             },
             {
               "simulator" : true,
               "operatingSystemVersion" : "26.2 (23C54)",
               "available" : true,
               "platform" : "com.apple.platform.iphonesimulator",
               "modelCode" : "iPhone18,2",
               "identifier" : "C3B58C3B-8325-404A-8653-48498594C99B",
               "architecture" : "arm64",
               "modelUTI" : "com.apple.com.apple.iphone-17-pro-max-2",
               "modelName" : "iPhone 17 Pro Max",
               "name" : "iPhone 17 Pro Max",
               "ignored" : false
             },
             {
               "simulator" : true,
               "operatingSystemVersion" : "26.1 (23B86)",
               "available" : true,
               "platform" : "com.apple.platform.iphonesimulator",
               "modelCode" : "iPhone17,5",
               "identifier" : "7BD2002A-2B2D-454D-9408-35A828601876",
               "architecture" : "arm64",
               "modelUTI" : "com.apple.iphone-16-e-1",
               "modelName" : "iPhone 16e",
               "name" : "iPhone 16e",
               "ignored" : false
             },
             {
               "simulator" : true,
               "operatingSystemVersion" : "26.2 (23C54)",
               "available" : true,
               "platform" : "com.apple.platform.iphonesimulator",
               "modelCode" : "iPad15,7",
               "identifier" : "2F33B278-7C86-4974-859D-4CEBBF21C319",
               "architecture" : "arm64",
               "modelUTI" : "com.apple.ipad-a16-1",
               "modelName" : "iPad (A16)",
               "name" : "iPad (A16)",
               "ignored" : false
             },
             {
               "simulator" : true,
               "operatingSystemVersion" : "26.2 (23C54)",
               "available" : true,
               "platform" : "com.apple.platform.iphonesimulator",
               "modelCode" : "iPhone18,3",
               "identifier" : "E9260BF8-83B5-493F-8B8D-C9C44C99A459",
               "architecture" : "arm64",
               "modelUTI" : "com.apple.com.apple.iphone-17-2",
               "modelName" : "iPhone 17",
               "name" : "iPhone 17",
               "ignored" : false
             },
             {
               "ignored" : false,
               "modelCode" : "Mac16,12",
               "simulator" : false,
               "modelName" : "MacBook Air",
               "operatingSystemVersion" : "26.1 (25B78)",
               "identifier" : "00008132-0006454236E3801C",
               "platform" : "com.apple.platform.macosx",
               "architecture" : "arm64e",
               "interface" : "usb",
               "available" : true,
               "name" : "My Mac",
               "modelUTI" : "com.apple.macbookair-13-2025"
             },
             {
               "simulator" : true,
               "operatingSystemVersion" : "26.1 (23B86)",
               "available" : true,
               "platform" : "com.apple.platform.iphonesimulator",
               "modelCode" : "iPhone18,1",
               "identifier" : "30F3D79B-6F1C-4FA7-A8EB-77F0BA729E24",
               "architecture" : "arm64",
               "modelUTI" : "com.apple.com.apple.iphone-17-pro-2",
               "modelName" : "iPhone 17 Pro",
               "name" : "iPhone 17 Pro",
               "ignored" : false
             },
             {
               "simulator" : true,
               "operatingSystemVersion" : "26.1 (23B86)",
               "available" : true,
               "platform" : "com.apple.platform.iphonesimulator",
               "modelCode" : "iPad17,4",
               "identifier" : "017B84B9-91AE-4CA0-A261-554088226CA3",
               "architecture" : "arm64",
               "modelUTI" : "com.apple.com.apple.ipad-pro-13-inch-m5-1",
               "modelName" : "iPad Pro 13-inch (M5) (16GB)",
               "name" : "iPad Pro 13-inch (M5) (16GB)",
               "ignored" : false
             },
             {
               "simulator" : true,
               "operatingSystemVersion" : "26.2 (23C54)",
               "available" : true,
               "platform" : "com.apple.platform.iphonesimulator",
               "modelCode" : "iPad15,5",
               "identifier" : "9BDD04C4-388B-457C-9444-BD7C79695F62",
               "architecture" : "arm64",
               "modelUTI" : "com.apple.ipad-air-m3-13-1",
               "modelName" : "iPad Air 13-inch (M3)",
               "name" : "iPad Air 13-inch (M3)",
               "ignored" : false
             },
             {
               "simulator" : true,
               "operatingSystemVersion" : "26.1 (23B86)",
               "available" : true,
               "platform" : "com.apple.platform.iphonesimulator",
               "modelCode" : "iPad15,7",
               "identifier" : "0E332F70-FCFB-4CC0-A507-A7D29DD36A18",
               "architecture" : "arm64",
               "modelUTI" : "com.apple.ipad-a16-1",
               "modelName" : "iPad (A16)",
               "name" : "iPad (A16)",
               "ignored" : false
             },
             {
               "simulator" : true,
               "operatingSystemVersion" : "26.1 (23B86)",
               "available" : true,
               "platform" : "com.apple.platform.iphonesimulator",
               "modelCode" : "iPad17,2",
               "identifier" : "5EDA764D-448C-4040-B564-4A2979DF04E1",
               "architecture" : "arm64",
               "modelUTI" : "com.apple.com.apple.ipad-pro-11-inch-m5-1",
               "modelName" : "iPad Pro 11-inch (M5)",
               "name" : "iPad Pro 11-inch (M5)",
               "ignored" : false
             },
             {
               "simulator" : true,
               "operatingSystemVersion" : "26.1 (23B86)",
               "available" : true,
               "platform" : "com.apple.platform.iphonesimulator",
               "modelCode" : "iPhone18,2",
               "identifier" : "D765A6D6-2074-4FFC-BC35-E01A1D080254",
               "architecture" : "arm64",
               "modelUTI" : "com.apple.com.apple.iphone-17-pro-max-2",
               "modelName" : "iPhone 17 Pro Max",
               "name" : "iPhone 17 Pro Max",
               "ignored" : false
             },
             {
               "simulator" : true,
               "operatingSystemVersion" : "26.2 (23C54)",
               "available" : true,
               "platform" : "com.apple.platform.iphonesimulator",
               "modelCode" : "iPad16,2",
               "identifier" : "5DF584EC-411E-4A76-ABEB-52F15383BE04",
               "architecture" : "arm64",
               "modelUTI" : "com.apple.ipad-mini-a17-1",
               "modelName" : "iPad mini (A17 Pro)",
               "name" : "iPad mini (A17 Pro)",
               "ignored" : false
             },
             {
               "simulator" : true,
               "operatingSystemVersion" : "26.1 (23B86)",
               "available" : true,
               "platform" : "com.apple.platform.iphonesimulator",
               "modelCode" : "iPhone18,1",
               "identifier" : "EC7044E1-3E51-40ED-86ED-C7F854D30BF6",
               "architecture" : "arm64",
               "modelUTI" : "com.apple.com.apple.iphone-17-pro-2",
               "modelName" : "iPhone 17 Pro",
               "name" : "iPhone 17 Pro",
               "ignored" : false
             }
           ]
[   +2 ms] executing: /usr/bin/arch -arm64e xcrun devicectl --version
[  +31 ms] executing: /usr/bin/arch -arm64e xcrun devicectl list devices --timeout 5 --json-output /var/folders/ww/rcq3fzc976d6l18ykm3jb9cw0000gn/T/flutter_tools.kw6KeO/core_devices.Jw55qR/core_device_list.json
[  +33 ms] Name     Hostname                  Identifier                             State         Model     
           ------   -----------------------   ------------------------------------   -----------   ----------
           KISRA7   KISRA7.coredevice.local   8F62321B-52EC-598C-9940-14CC2BDCDE11   unavailable   iPhone12,5
[        ] {
             "info" : {
               "arguments" : [
                 "devicectl",
                 "list",
                 "devices",
                 "--timeout",
                 "5",
                 "--json-output",
                 "/var/folders/ww/rcq3fzc976d6l18ykm3jb9cw0000gn/T/flutter_tools.kw6KeO/core_devices.Jw55qR/core_device_list.json"
               ],
               "commandType" : "devicectl.list.devices",
               "environment" : {
                 "TERM" : "xterm-256color"
               },
               "jsonVersion" : 3,
               "outcome" : "success",
               "version" : "506.6"
             },
             "result" : {
               "devices" : [
                 {
                   "capabilities" : [
                     {
                       "featureIdentifier" : "com.apple.coredevice.feature.tags",
                       "name" : "Modify Tags"
                     },
                     {
                       "featureIdentifier" : "com.apple.coredevice.feature.default.user.credentials",
                       "name" : "Modify credentials for default users for a device"
                     },
                     {
                       "featureIdentifier" : "com.apple.coredevice.feature.unpairdevice",
                       "name" : "Unpair Device"
                     }
                   ],
                   "connectionProperties" : {
                     "authenticationType" : "manualPairing",
                     "isMobileDeviceOnly" : false,
                     "pairingState" : "paired",
                     "potentialHostnames" : [
                       "KISRA7.coredevice.local",
                       "8F62321B-52EC-598C-9940-14CC2BDCDE11.coredevice.local",
                       "00008030-000318E22238802E.coredevice.local"
                     ],
                     "tunnelState" : "unavailable"
                   },
                   "deviceProperties" : {
                     "ddiServicesAvailable" : false,
                     "name" : "KISRA7",
                     "osBuildUpdate" : "23B85",
                     "osVersionNumber" : "26.1"
                   },
                   "hardwareProperties" : {
                     "cpuType" : {
                       "name" : "arm64e",
                       "subType" : 2,
                       "type" : 16777228
                     },
                     "deviceType" : "iPhone",
                     "ecid" : 871784445935662,
                     "hardwareModel" : "D431AP",
                     "platform" : "iOS",
                     "productType" : "iPhone12,5",
                     "supportedCPUTypes" : [
                       {
                         "name" : "arm64e",
                         "subType" : 2,
                         "type" : 16777228
                       },
                       {
                         "name" : "arm64",
                         "subType" : 0,
                         "type" : 16777228
                       }
                     ],
                     "supportedDeviceFamilies" : [
                       1
                     ],
                     "udid" : "00008030-000318E22238802E"
                   },
                   "identifier" : "8F62321B-52EC-598C-9940-14CC2BDCDE11",
                   "tags" : [

                   ],
                   "visibilityClass" : "default"
                 }
               ]
             }
           }

[   +2 ms] Error: Browsing on the local area network for KISRA7. Ensure the device is unlocked and attached with a cable or associated with the same local area network as this Mac.
           The device must be opted into Developer Mode to connect wirelessly. (code -27)
[   +1 ms] /Users/ahmedabdalmajed/Library/Android/sdk/platform-tools/adb -s emulator-5554 shell getprop
[  +19 ms] Artifact Instance of 'AndroidInternalBuildArtifacts' is not required, skipping update.
[        ] Artifact Instance of 'FlutterEngineStamp' is not required, skipping update.
[        ] Artifact Instance of 'WindowsEngineArtifacts' is not required, skipping update.
[        ] Artifact Instance of 'LinuxEngineArtifacts' is not required, skipping update.
[        ] Artifact Instance of 'LinuxFuchsiaSDKArtifacts' is not required, skipping update.
[        ] Artifact Instance of 'MacOSFuchsiaSDKArtifacts' is not required, skipping update.
[        ] Artifact Instance of 'FlutterRunnerSDKArtifacts' is not required, skipping update.
[        ] Artifact Instance of 'FlutterRunnerDebugSymbols' is not required, skipping update.
[  +29 ms] Skipping pub get: version match.
[  +73 ms] Skipping generating web_plugin_registrant.dart because it is up-to-date.
[  +21 ms] Generating /Users/ahmedabdalmajed/Development/projects/alrawi_app/android/app/src/main/java/io/flutter/plugins/GeneratedPluginRegistrant.java
[   +1 ms] Skipping generating GeneratedPluginRegistrant.java because it is up-to-date.
[   +1 ms] Skipping generating generated_plugin_registrant.h because it is up-to-date.
[        ] Skipping generating generated_plugin_registrant.cc because it is up-to-date.
[        ] Skipping generating generated_plugins.cmake because it is up-to-date.
[        ] Skipping generating generated_plugin_registrant.h because it is up-to-date.
[        ] Skipping generating generated_plugin_registrant.cc because it is up-to-date.
[        ] Skipping generating generated_plugins.cmake because it is up-to-date.
[        ] Skipping generating GeneratedPluginRegistrant.h because it is up-to-date.
[        ] Skipping generating GeneratedPluginRegistrant.m because it is up-to-date.
[        ] Skipping generating GeneratedPluginRegistrant.swift because it is up-to-date.
[  +20 ms] ro.hardware = ranchu
[  +26 ms] Initializing file store
[   +3 ms] Skipping target: gen_localizations
[        ] gen_dart_plugin_registrant: Starting due to {InvalidatedReasonKind.inputChanged: The following inputs have updated contents: /Users/ahmedabdalmajed/Development/projects/alrawi_app/.dart_tool/package_config.json}
[  +26 ms] gen_dart_plugin_registrant: Complete
[        ] Skipping target: _composite
[        ] complete
[   +1 ms] Launching lib/main.dart on sdk gphone64 arm64 in debug mode...
[   +1 ms] /Users/ahmedabdalmajed/Development/flutter/bin/cache/dart-sdk/bin/dartaotruntime /Users/ahmedabdalmajed/Development/flutter/bin/cache/dart-sdk/bin/snapshots/frontend_server_aot.dart.snapshot --sdk-root /Users/ahmedabdalmajed/Development/flutter/bin/cache/artifacts/engine/common/flutter_patched_sdk/ --incremental --target=flutter --experimental-emit-debug-metadata -DFLUTTER_VERSION=3.38.5 -DFLUTTER_CHANNEL=stable -DFLUTTER_GIT_URL=https://github.com/flutter/flutter.git -DFLUTTER_FRAMEWORK_REVISION=f6ff1529fd -DFLUTTER_ENGINE_REVISION=1527ae0ec5 -DFLUTTER_DART_VERSION=3.10.4 --output-dill /var/folders/ww/rcq3fzc976d6l18ykm3jb9cw0000gn/T/flutter_tools.kw6KeO/flutter_tool.5vDhyD/app.dill --packages /Users/ahmedabdalmajed/Development/projects/alrawi_app/.dart_tool/package_config.json -Ddart.vm.profile=false -Ddart.vm.product=false --enable-asserts --track-widget-creation --filesystem-scheme org-dartlang-root --initialize-from-dill build/6ab642d2d29d49c7c5f5a6d85fcef46b.cache.dill.track.dill --verbosity=error --enable-experiment=alternative-invalidation-strategy
[   +3 ms] executing: /Users/ahmedabdalmajed/Library/Android/sdk/platform-tools/adb -s emulator-5554 shell -x logcat -v time -t 1
[   +4 ms] <- compile package:alrawi_app/main.dart
[  +38 ms] --------- beginning of main
           01-13 16:32:18.593 D/NetworkMonitor/103( 1079): PROBE_DNS www.google.com 10019ms FAIL in type ADDRCONFIG android.net.DnsResolver$DnsException: android.system.ErrnoException: resNetworkResult failed: ETIMEDOUT (Connection timed out)
[   +4 ms] executing: /Users/ahmedabdalmajed/Library/Android/sdk/platform-tools/adb version
[  +10 ms] Android Debug Bridge version 1.0.41
           Version 36.0.0-13206524
           Installed as /Users/ahmedabdalmajed/Library/Android/sdk/platform-tools/adb
           Running on Darwin 25.1.0 (arm64)
[        ] executing: /Users/ahmedabdalmajed/Library/Android/sdk/platform-tools/adb start-server
[  +11 ms] Building APK
[  +46 ms] executing: /usr/bin/plutil -convert xml1 -o - /Applications/Android Studio.app/Contents/Info.plist
[   +5 ms] Exit code 0 from: /usr/bin/plutil -convert xml1 -o - /Applications/Android Studio.app/Contents/Info.plist
[        ] <?xml version="1.0" encoding="UTF-8"?>
           <!DOCTYPE plist PUBLIC "-//Apple//DTD PLIST 1.0//EN" "http://www.apple.com/DTDs/PropertyList-1.0.dtd">
           <plist version="1.0">
           <dict>
           	<key>CFBundleDevelopmentRegion</key>
           	<string>English</string>
           	<key>CFBundleDocumentTypes</key>
           	<array>
           		<dict>
           			<key>CFBundleTypeExtensions</key>
           			<array>
           				<string>ipr</string>
           			</array>
           			<key>CFBundleTypeIconFile</key>
           			<string>studio.icns</string>
           			<key>CFBundleTypeName</key>
           			<string>Android Studio Project File</string>
           			<key>CFBundleTypeRole</key>
           			<string>Editor</string>
           		</dict>
           		<dict>
           			<key>CFBundleTypeExtensions</key>
           			<array>
           				<string>*</string>
           			</array>
           			<key>CFBundleTypeName</key>
           			<string>All documents</string>
           			<key>CFBundleTypeOSTypes</key>
           			<array>
           				<string>****</string>
           			</array>
           			<key>CFBundleTypeRole</key>
           			<string>Editor</string>
           			<key>LSTypeIsPackage</key>
           			<false/>
           		</dict>
           	</array>
           	<key>CFBundleExecutable</key>
           	<string>studio</string>
           	<key>CFBundleGetInfoString</key>
           	<string>Android Studio 2025.2, build AI-252.25557.131.2521.14432022. Copyright JetBrains s.r.o., (c) 2000-2025</string>
           	<key>CFBundleIconFile</key>
           	<string>studio.icns</string>
           	<key>CFBundleIdentifier</key>
           	<string>com.google.android.studio</string>
           	<key>CFBundleInfoDictionaryVersion</key>
           	<string>6.0</string>
           	<key>CFBundleName</key>
           	<string>Android Studio</string>
           	<key>CFBundlePackageType</key>
           	<string>APPL</string>
           	<key>CFBundleShortVersionString</key>
           	<string>2025.2</string>
           	<key>CFBundleURLTypes</key>
           	<array>
           		<dict>
           			<key>CFBundleTypeRole</key>
           			<string>Editor</string>
           			<key>CFBundleURLName</key>
           			<string>Stacktrace</string>
           			<key>CFBundleURLSchemes</key>
           			<array>
           				<string>idea</string>
           			</array>
           		</dict>
           	</array>
           	<key>CFBundleVersion</key>
           	<string>AI-252.25557.131.2521.14432022</string>
           	<key>LSApplicationCategoryType</key>
           	<string>public.app-category.developer-tools</string>
           	<key>LSArchitecturePriority</key>
           	<array>
           		<string>arm64</string>
           	</array>
           	<key>LSMinimumSystemVersion</key>
           	<string>10.13</string>
           	<key>LSRequiresNativeExecution</key>
           	<string>YES</string>
           	<key>NSAppleEventsUsageDescription</key>
           	<string>An application in Android Studio requests the ability to send Apple events.</string>
           	<key>NSBluetoothAlwaysUsageDescription</key>
           	<string>An application in Android Studio requests access to Bluetooth.</string>
           	<key>NSCameraUsageDescription</key>
           	<string>An application in Android Studio requests access to the device's camera.</string>
           	<key>NSDesktopFolderUsageDescription</key>
           	<string>An application in Android Studio requests access to the user's Desktop folder.</string>
           	<key>NSDocumentsFolderUsageDescription</key>
           	<string>An application in Android Studio requests access to the user's Documents folder.</string>
           	<key>NSDownloadsFolderUsageDescription</key>
           	<string>An application in Android Studio requests access to the user's Downloads folder.</string>
           	<key>NSHighResolutionCapable</key>
           	<true/>
           	<key>NSLocalNetworkUsageDescription</key>
           	<string>Android Studio's features, such as SSH and database connectivity, require permissions for accessing the local network and sending broadcast requests.</string>
           	<key>NSLocationUsageDescription</key>
           	<string>An application in Android Studio requests access to the user's location information.</string>
           	<key>NSMicrophoneUsageDescription</key>
           	<string>An application in Android Studio requests access to the device's microphone.</string>
           	<key>NSNetworkVolumesUsageDescription</key>
           	<string>An application in Android Studio requests access to files on a network volume.</string>
           	<key>NSRemovableVolumesUsageDescription</key>
           	<string>An application in Android Studio requests access to files on a removable volume.</string>
           	<key>NSSupportsAutomaticGraphicsSwitching</key>
           	<true/>
           </dict>
           </plist>
[   +5 ms] executing: /Applications/Android Studio.app/Contents/jbr/Contents/Home/bin/java -version
[  +47 ms] Exit code 0 from: /Applications/Android Studio.app/Contents/jbr/Contents/Home/bin/java -version
[        ] openjdk version "21.0.8" 2025-07-15
           OpenJDK Runtime Environment (build 21.0.8+-14196175-b1038.72)
           OpenJDK 64-Bit Server VM (build 21.0.8+-14196175-b1038.72, mixed mode)
[   +3 ms] Top-level Gradle build file not found, skipping migration of task "clean".
[        ] executing: /Applications/Android Studio.app/Contents/jbr/Contents/Home/bin/java --version
[  +43 ms] Exit code 0 from: /Applications/Android Studio.app/Contents/jbr/Contents/Home/bin/java --version
[        ] openjdk 21.0.8 2025-07-15
           OpenJDK Runtime Environment (build 21.0.8+-14196175-b1038.72)
           OpenJDK 64-Bit Server VM (build 21.0.8+-14196175-b1038.72, mixed mode)
[   +1 ms] Version of Java is different than impacted version, no migration attempted.
[   +8 ms] CMake project not found, skipping support Android 15 16k page size migration.
[   +2 ms] Using gradle from /Users/ahmedabdalmajed/Development/projects/alrawi_app/android/gradlew.
[  +11 ms] LocalFile: '/Users/ahmedabdalmajed/Development/projects/alrawi_app/android/build.gradle.kts' doesn't provide an AGP version. Checking settings.
[        ] LocalFile: '/Users/ahmedabdalmajed/Development/projects/alrawi_app/android/settings.gradle.kts' provides AGP version: 8.6.1
[   +7 ms] Running Gradle task 'assembleDebug'...
[        ] executing: [/Users/ahmedabdalmajed/Development/projects/alrawi_app/android/] /Users/ahmedabdalmajed/Development/projects/alrawi_app/android/gradlew --full-stacktrace --info -Pverbose=true -Ptarget-platform=android-arm64 -Ptarget=/Users/ahmedabdalmajed/Development/projects/alrawi_app/lib/main.dart -Pbase-application-name=android.app.Application -Pdart-defines=RkxVVFRFUl9WRVJTSU9OPTMuMzguNQ==,RkxVVFRFUl9DSEFOTkVMPXN0YWJsZQ==,RkxVVFRFUl9HSVRfVVJMPWh0dHBzOi8vZ2l0aHViLmNvbS9mbHV0dGVyL2ZsdXR0ZXIuZ2l0,RkxVVFRFUl9GUkFNRVdPUktfUkVWSVNJT049ZjZmZjE1MjlmZA==,RkxVVFRFUl9FTkdJTkVfUkVWSVNJT049MTUyN2FlMGVjNQ==,RkxVVFRFUl9EQVJUX1ZFUlNJT049My4xMC40 -Pdart-obfuscation=false -Ptrack-widget-creation=true -Ptree-shake-icons=false -Pfilesystem-scheme=org-dartlang-root assembleDebug
[ +294 ms] Initialized native services in: /Users/ahmedabdalmajed/.gradle/native
[        ] Initialized jansi services in: /Users/ahmedabdalmajed/.gradle/native
[ +210 ms] The client will now receive all logging from the daemon (pid: 89528). The daemon log file: /Users/ahmedabdalmajed/.gradle/daemon/8.13/daemon-89528.out.log
[        ] Starting 4th build in daemon [uptime: 18 mins 35.733 secs, performance: 100%, GC rate: 0.00/s, heap usage: 0% of 6 GiB, non-heap usage: 26% of 1 GiB]
[        ] Using 2 worker leases.
[        ] Now considering [/Users/ahmedabdalmajed/Development/projects/alrawi_app/android, /Users/ahmedabdalmajed/Development/flutter/packages/flutter_tools/gradle] as hierarchies to watch
[        ] Watching the file system is configured to be enabled if available
[        ] File system watching is active
[        ] Starting Build
[        ] Now considering [/Users/ahmedabdalmajed/Development/flutter/packages/flutter_tools/gradle, /Users/ahmedabdalmajed/Development/projects/alrawi_app/android] as hierarchies to watch
[        ] > Configure project :gradle
[        ] Evaluating project ':gradle' using build file '/Users/ahmedabdalmajed/Development/flutter/packages/flutter_tools/gradle/build.gradle.kts'.
[        ] Resolved plugin [id: 'org.gradle.java-gradle-plugin']
[        ] Resolved plugin [id: 'org.gradle.groovy']
[        ] Resolved plugin [id: 'org.gradle.kotlin.kotlin-dsl', version: '5.2.0']
[        ] Resolved plugin [id: 'org.jetbrains.kotlin.jvm', version: '1.9.20']
[        ] Using Kotlin Gradle Plugin gradle85 variant
[        ] kotlin scripting plugin: created the scripting discovery configuration: kotlinScriptDef
[        ] kotlin scripting plugin: created the scripting discovery configuration: testKotlinScriptDef
[        ] file or directory '/Users/ahmedabdalmajed/Development/flutter/packages/flutter_tools/gradle/src/main/java', not found
[        ] Resolved plugin [id: 'dev.flutter.flutter-plugin-loader', version: '1.0.0']
[        ] Resolved plugin [id: 'com.android.application', version: '8.6.1', apply: false]
[        ] Resolved plugin [id: 'org.jetbrains.kotlin.android', version: '2.1.0', apply: false]
[        ] Resolve mutations for :gradle:checkKotlinGradlePluginConfigurationErrors (Thread[#251,included builds,5,main]) started.
[        ] :gradle:checkKotlinGradlePluginConfigurationErrors (Thread[#251,included builds,5,main]) started.
[        ] > Task :gradle:checkKotlinGradlePluginConfigurationErrors SKIPPED
[        ] Skipping task ':gradle:checkKotlinGradlePluginConfigurationErrors' as task onlyIf 'errorDiagnostics are present' is false.
[        ] Resolve mutations for :gradle:compileKotlin (Thread[#251,included builds,5,main]) started.
[  +96 ms] :gradle:compileKotlin (Thread[#251,included builds,5,main]) started.
[        ] > Task :gradle:compileKotlin UP-TO-DATE
[        ] Caching disabled for task ':gradle:compileKotlin' because:
[        ]   Build cache is disabled
[        ] Skipping task ':gradle:compileKotlin' as it is up-to-date.
[        ] Resolve mutations for :gradle:compileJava (Thread[#251,included builds,5,main]) started.
[        ] :gradle:compileJava (Thread[#251,included builds,5,main]) started.
[        ] > Task :gradle:compileJava NO-SOURCE
[        ] Skipping task ':gradle:compileJava' as it has no source files and no previous output files.
[        ] Resolve mutations for :gradle:compileGroovy (Thread[#251,included builds,5,main]) started.
[        ] :gradle:compileGroovy (Thread[#251,included builds,5,main]) started.
[        ] > Task :gradle:compileGroovy NO-SOURCE
[        ] Skipping task ':gradle:compileGroovy' as it has no source files and no previous output files.
[        ] Resolve mutations for :gradle:pluginDescriptors (Thread[#251,included builds,5,main]) started.
[        ] :gradle:pluginDescriptors (Thread[#251,included builds,5,main]) started.
[        ] > Task :gradle:pluginDescriptors UP-TO-DATE
[        ] Caching disabled for task ':gradle:pluginDescriptors' because:
[        ]   Build cache is disabled
[        ]   Not worth caching
[        ] Skipping task ':gradle:pluginDescriptors' as it is up-to-date.
[        ] Resolve mutations for :gradle:processResources (Thread[#251,included builds,5,main]) started.
[        ] :gradle:processResources (Thread[#251,included builds,5,main]) started.
[        ] > Task :gradle:processResources UP-TO-DATE
[        ] Caching disabled for task ':gradle:processResources' because:
[        ]   Build cache is disabled
[        ]   Not worth caching
[        ] Skipping task ':gradle:processResources' as it is up-to-date.
[        ] Resolve mutations for :gradle:classes (Thread[#251,included builds,5,main]) started.
[        ] :gradle:classes (Thread[#251,included builds,5,main]) started.
[        ] > Task :gradle:classes UP-TO-DATE
[        ] Skipping task ':gradle:classes' as it has no actions.
[        ] Resolve mutations for :gradle:jar (Thread[#251,included builds,5,main]) started.
[        ] :gradle:jar (Thread[#251,included builds,5,main]) started.
[        ] > Task :gradle:jar UP-TO-DATE
[        ] Caching disabled for task ':gradle:jar' because:
[        ]   Build cache is disabled
[        ]   Not worth caching
[        ] Skipping task ':gradle:jar' as it is up-to-date.
[        ] Settings evaluated using settings file '/Users/ahmedabdalmajed/Development/projects/alrawi_app/android/settings.gradle.kts'.
[        ] Projects loaded. Root project using build file '/Users/ahmedabdalmajed/Development/projects/alrawi_app/android/build.gradle.kts'.
[        ] Included projects: [root project 'android', project ':app']
[        ] > Configure project :
[        ] Evaluating root project 'android' using build file '/Users/ahmedabdalmajed/Development/projects/alrawi_app/android/build.gradle.kts'.
[  +95 ms] > Configure project :app
[        ] Evaluating project ':app' using build file '/Users/ahmedabdalmajed/Development/projects/alrawi_app/android/app/build.gradle.kts'.
[        ] Resolved plugin [id: 'com.android.application']
[        ] Resolved plugin [id: 'kotlin-android']
[        ] Resolved plugin [id: 'dev.flutter.flutter-gradle-plugin']
[        ] Using default execution profile
[        ] Using Kotlin Gradle Plugin gradle85 variant
[        ] Build was configured to prefer settings repositories over project repositories but repository 'maven' was added by plugin 'dev.flutter.flutter-gradle-plugin'
[        ] Build was configured to prefer settings repositories over project repositories but repository 'maven' was added by plugin 'dev.flutter.flutter-gradle-plugin'
[        ] C/C++: android.ndkVersion from module build.gradle is [28.2.13676358]
[        ] C/C++: android.ndkPath from module build.gradle is not set
[        ] C/C++: ndk.dir in local.properties is not set
[        ] C/C++: Not considering ANDROID_NDK_HOME because support was removed after deprecation period.
[        ] C/C++: sdkFolder is /Users/ahmedabdalmajed/Library/Android/sdk
[        ] C/C++: android.ndkVersion from module build.gradle is [28.2.13676358]
[        ] C/C++: android.ndkPath from module build.gradle is not set
[        ] C/C++: ndk.dir in local.properties is not set
[        ] C/C++: Not considering ANDROID_NDK_HOME because support was removed after deprecation period.
[        ] C/C++: sdkFolder is /Users/ahmedabdalmajed/Library/Android/sdk
[        ] C/C++: android.ndkVersion from module build.gradle is [28.2.13676358]
[        ] C/C++: android.ndkPath from module build.gradle is not set
[        ] C/C++: ndk.dir in local.properties is not set
[        ] C/C++: Not considering ANDROID_NDK_HOME because support was removed after deprecation period.
[        ] C/C++: sdkFolder is /Users/ahmedabdalmajed/Library/Android/sdk
[        ] C/C++: android.ndkVersion from module build.gradle is [28.2.13676358]
[        ] C/C++: android.ndkPath from module build.gradle is not set
[        ] C/C++: ndk.dir in local.properties is not set
[        ] C/C++: Not considering ANDROID_NDK_HOME because support was removed after deprecation period.
[        ] C/C++: sdkFolder is /Users/ahmedabdalmajed/Library/Android/sdk
[        ] C/C++: android.ndkVersion from module build.gradle is [28.2.13676358]
[        ] C/C++: android.ndkPath from module build.gradle is not set
[        ] C/C++: ndk.dir in local.properties is not set
[        ] C/C++: Not considering ANDROID_NDK_HOME because support was removed after deprecation period.
[        ] C/C++: sdkFolder is /Users/ahmedabdalmajed/Library/Android/sdk
[        ] C/C++: android.ndkVersion from module build.gradle is [28.2.13676358]
[        ] C/C++: android.ndkPath from module build.gradle is not set
[        ] C/C++: ndk.dir in local.properties is not set
[        ] C/C++: Not considering ANDROID_NDK_HOME because support was removed after deprecation period.
[        ] C/C++: sdkFolder is /Users/ahmedabdalmajed/Library/Android/sdk
[        ] C/C++: android.ndkVersion from module build.gradle is [28.2.13676358]
[        ] C/C++: android.ndkPath from module build.gradle is not set
[        ] C/C++: ndk.dir in local.properties is not set
[        ] C/C++: Not considering ANDROID_NDK_HOME because support was removed after deprecation period.
[        ] C/C++: sdkFolder is /Users/ahmedabdalmajed/Library/Android/sdk
[        ] C/C++: android.ndkVersion from module build.gradle is [28.2.13676358]
[        ] C/C++: android.ndkPath from module build.gradle is not set
[        ] C/C++: ndk.dir in local.properties is not set
[        ] C/C++: Not considering ANDROID_NDK_HOME because support was removed after deprecation period.
[        ] C/C++: sdkFolder is /Users/ahmedabdalmajed/Library/Android/sdk
[        ] C/C++: android.ndkVersion from module build.gradle is [28.2.13676358]
[        ] C/C++: android.ndkPath from module build.gradle is not set
[        ] C/C++: ndk.dir in local.properties is not set
[        ] C/C++: Not considering ANDROID_NDK_HOME because support was removed after deprecation period.
[        ] C/C++: sdkFolder is /Users/ahmedabdalmajed/Library/Android/sdk
[        ] C/C++: android.ndkVersion from module build.gradle is [28.2.13676358]
[        ] C/C++: android.ndkPath from module build.gradle is not set
[        ] C/C++: ndk.dir in local.properties is not set
[        ] C/C++: Not considering ANDROID_NDK_HOME because support was removed after deprecation period.
[        ] C/C++: sdkFolder is /Users/ahmedabdalmajed/Library/Android/sdk
[        ] C/C++: android.ndkVersion from module build.gradle is [28.2.13676358]
[        ] C/C++: android.ndkPath from module build.gradle is not set
[        ] C/C++: ndk.dir in local.properties is not set
[        ] C/C++: Not considering ANDROID_NDK_HOME because support was removed after deprecation period.
[        ] C/C++: sdkFolder is /Users/ahmedabdalmajed/Library/Android/sdk
[        ] C/C++: android.ndkVersion from module build.gradle is [28.2.13676358]
[        ] C/C++: android.ndkPath from module build.gradle is not set
[        ] C/C++: ndk.dir in local.properties is not set
[        ] C/C++: Not considering ANDROID_NDK_HOME because support was removed after deprecation period.
[        ] C/C++: sdkFolder is /Users/ahmedabdalmajed/Library/Android/sdk
[        ] C/C++: android.ndkVersion from module build.gradle is [28.2.13676358]
[        ] C/C++: android.ndkPath from module build.gradle is not set
[        ] C/C++: ndk.dir in local.properties is not set
[        ] C/C++: Not considering ANDROID_NDK_HOME because support was removed after deprecation period.
[        ] C/C++: sdkFolder is /Users/ahmedabdalmajed/Library/Android/sdk
[        ] C/C++: android.ndkVersion from module build.gradle is [28.2.13676358]
[        ] C/C++: android.ndkPath from module build.gradle is not set
[        ] C/C++: ndk.dir in local.properties is not set
[        ] C/C++: Not considering ANDROID_NDK_HOME because support was removed after deprecation period.
[        ] C/C++: sdkFolder is /Users/ahmedabdalmajed/Library/Android/sdk
[        ] C/C++: android.ndkVersion from module build.gradle is [28.2.13676358]
[        ] C/C++: android.ndkPath from module build.gradle is not set
[        ] C/C++: ndk.dir in local.properties is not set
[        ] C/C++: Not considering ANDROID_NDK_HOME because support was removed after deprecation period.
[        ] C/C++: sdkFolder is /Users/ahmedabdalmajed/Library/Android/sdk
[        ] C/C++: android.ndkVersion from module build.gradle is [28.2.13676358]
[        ] C/C++: android.ndkPath from module build.gradle is not set
[        ] C/C++: ndk.dir in local.properties is not set
[        ] C/C++: Not considering ANDROID_NDK_HOME because support was removed after deprecation period.
[        ] C/C++: sdkFolder is /Users/ahmedabdalmajed/Library/Android/sdk
[        ] C/C++: android.ndkVersion from module build.gradle is [28.2.13676358]
[        ] C/C++: android.ndkPath from module build.gradle is not set
[        ] C/C++: ndk.dir in local.properties is not set
[        ] C/C++: Not considering ANDROID_NDK_HOME because support was removed after deprecation period.
[        ] C/C++: sdkFolder is /Users/ahmedabdalmajed/Library/Android/sdk
[        ] C/C++: android.ndkVersion from module build.gradle is [28.2.13676358]
[        ] C/C++: android.ndkPath from module build.gradle is not set
[        ] C/C++: ndk.dir in local.properties is not set
[        ] C/C++: Not considering ANDROID_NDK_HOME because support was removed after deprecation period.
[        ] C/C++: sdkFolder is /Users/ahmedabdalmajed/Library/Android/sdk
[        ] C/C++: android.ndkVersion from module build.gradle is [28.2.13676358]
[        ] C/C++: android.ndkPath from module build.gradle is not set
[        ] C/C++: ndk.dir in local.properties is not set
[        ] C/C++: Not considering ANDROID_NDK_HOME because support was removed after deprecation period.
[        ] C/C++: sdkFolder is /Users/ahmedabdalmajed/Library/Android/sdk
[        ] All projects evaluated.
[        ] Task name matched 'assembleDebug'
[        ] Selected primary task 'assembleDebug' from project :
[        ] WARNING: We recommend using a newer Android Gradle plugin to use compileSdk = 36
[        ] This Android Gradle plugin (8.6.1) was tested up to compileSdk = 35.
[        ] You are strongly encouraged to update your project to use a newer
[        ] Android Gradle plugin that has been tested with compileSdk = 36.
[        ] If you are already using the latest version of the Android Gradle plugin,
[        ] you may need to wait until a newer version with support for compileSdk = 36 is available.
[        ] For more information refer to the compatibility table:
[        ] https://d.android.com/r/tools/api-level-support
[        ] To suppress this warning, add/update
[        ]     android.suppressUnsupportedCompileSdk=36
[        ] to this project's gradle.properties.
[        ] Tasks to be executed: [task ':app:DebugMinSdkCheck', task ':app:preBuild', task ':app:preDebugBuild', task ':app:mergeDebugNativeDebugMetadata', task ':app:checkKotlinGradlePluginConfigurationErrors', task ':app:generateDebugBuildConfig', task ':app:compileFlutterBuildDebug', task ':app:packJniLibsflutterBuildDebug', task ':app:checkDebugAarMetadata', task ':app:cleanMergeDebugAssets', task ':app:mergeDebugShaders', task ':app:compileDebugShaders', task ':app:generateDebugAssets', task ':app:mergeDebugAssets', task ':app:copyFlutterAssetsDebug', task ':app:generateDebugResValues', task ':app:mapDebugSourceSetPaths', task ':app:generateDebugResources', task ':app:mergeDebugResources', task ':app:packageDebugResources', task ':app:parseDebugLocalResources', task ':app:createDebugCompatibleScreenManifests', task ':app:extractDeepLinksDebug', task ':app:processDebugMainManifest', task ':app:outputDebugAppLinkSettings', task ':app:processDebugManifest', task ':app:processDebugManifestForPackage', task ':app:processDebugResources', task ':app:compileDebugKotlin', task ':app:javaPreCompileDebug', task ':app:compileDebugJavaWithJavac', task ':app:compressDebugAssets', task ':app:desugarDebugFileDependencies', task ':app:dexBuilderDebug', task ':app:mergeDebugGlobalSynthetics', task ':app:processDebugJavaRes', task ':app:mergeDebugJavaResource', task ':app:checkDebugDuplicateClasses', task ':app:mergeExtDexDebug', task ':app:mergeLibDexDebug', task ':app:mergeProjectDexDebug', task ':app:configureCMakeDebug[arm64-v8a]', task ':app:buildCMakeDebug[arm64-v8a]', task ':app:configureCMakeDebug[armeabi-v7a]', task ':app:buildCMakeDebug[armeabi-v7a]', task ':app:configureCMakeDebug[x86_64]', task ':app:buildCMakeDebug[x86_64]', task ':app:mergeDebugJniLibFolders', task ':app:mergeDebugNativeLibs', task ':app:stripDebugDebugSymbols', task ':app:validateSigningDebug', task ':app:writeDebugAppMetadata', task ':app:writeDebugSigningConfigVersions', task ':app:packageDebug', task ':app:createDebugApkListingFileRedirect', task ':app:assembleDebug']
[        ] Tasks that were excluded: []
[        ] Resolve mutations for :app:DebugMinSdkCheck (Thread[#252,Execution worker,5,main]) started.
[        ] :app:DebugMinSdkCheck (Thread[#252,Execution worker,5,main]) started.
[        ] > Task :app:DebugMinSdkCheck
[        ] Caching disabled for task ':app:DebugMinSdkCheck' because:
[        ]   Build cache is disabled
[        ] Task ':app:DebugMinSdkCheck' is not up-to-date because:
[        ]   Task has not declared any outputs despite executing actions.
[        ] Resolve mutations for :app:preBuild (Thread[#252,Execution worker,5,main]) started.
[        ] :app:preBuild (Thread[#252,Execution worker,5,main]) started.
[        ] > Task :app:preBuild UP-TO-DATE
[        ] Skipping task ':app:preBuild' as it has no actions.
[        ] Resolve mutations for :app:preDebugBuild (Thread[#252,Execution worker,5,main]) started.
[        ] :app:preDebugBuild (Thread[#252,Execution worker,5,main]) started.
[        ] > Task :app:preDebugBuild UP-TO-DATE
[        ] Skipping task ':app:preDebugBuild' as it has no actions.
[        ] Resolve mutations for :app:mergeDebugNativeDebugMetadata (Thread[#252,Execution worker,5,main]) started.
[        ] :app:mergeDebugNativeDebugMetadata (Thread[#252,Execution worker,5,main]) started.
[        ] > Task :app:mergeDebugNativeDebugMetadata NO-SOURCE
[        ] Skipping task ':app:mergeDebugNativeDebugMetadata' as it has no source files and no previous output files.
[        ] Resolve mutations for :app:checkKotlinGradlePluginConfigurationErrors (Thread[#252,Execution worker,5,main]) started.
[        ] :app:checkKotlinGradlePluginConfigurationErrors (Thread[#252,Execution worker,5,main]) started.
[        ] > Task :app:checkKotlinGradlePluginConfigurationErrors SKIPPED
[        ] Skipping task ':app:checkKotlinGradlePluginConfigurationErrors' as task onlyIf 'errorDiagnostics are present' is false.
[        ] Resolve mutations for :app:generateDebugBuildConfig (Thread[#252,Execution worker,5,main]) started.
[        ] :app:generateDebugBuildConfig (Thread[#252,Execution worker,5,main]) started.
[        ] > Task :app:generateDebugBuildConfig UP-TO-DATE
[        ] Caching disabled for task ':app:generateDebugBuildConfig' because:
[        ]   Build cache is disabled
[        ] Skipping task ':app:generateDebugBuildConfig' as it is up-to-date.
[        ] Resolve mutations for :app:compileFlutterBuildDebug (Thread[#252,Execution worker,5,main]) started.
[        ] :app:compileFlutterBuildDebug (Thread[#252,Execution worker,5,main]) started.
[+1693 ms] > Task :app:compileFlutterBuildDebug
[        ] Caching disabled for task ':app:compileFlutterBuildDebug' because:
[        ]   Build cache is disabled
[        ]   Caching has not been enabled for the task
[        ] Task ':app:compileFlutterBuildDebug' is not up-to-date because:
[        ]   Value of input property 'verbose' has changed for task ':app:compileFlutterBuildDebug'
[        ] Starting process 'command '/Users/ahmedabdalmajed/Development/flutter/bin/flutter''. Working directory: /Users/ahmedabdalmajed/Development/projects/alrawi_app Command: /Users/ahmedabdalmajed/Development/flutter/bin/flutter --verbose assemble --no-version-check --depfile /Users/ahmedabdalmajed/Development/projects/alrawi_app/android/app/build/intermediates/flutter/debug/flutter_build.d --output /Users/ahmedabdalmajed/Development/projects/alrawi_app/android/app/build/intermediates/flutter/debug -dTargetFile=/Users/ahmedabdalmajed/Development/projects/alrawi_app/lib/main.dart -dTargetPlatform=android -dBuildMode=debug -dTrackWidgetCreation=true --DartDefines=RkxVVFRFUl9WRVJTSU9OPTMuMzguNQ==,RkxVVFRFUl9DSEFOTkVMPXN0YWJsZQ==,RkxVVFRFUl9HSVRfVVJMPWh0dHBzOi8vZ2l0aHViLmNvbS9mbHV0dGVyL2ZsdXR0ZXIuZ2l0,RkxVVFRFUl9GUkFNRVdPUktfUkVWSVNJT049ZjZmZjE1MjlmZA==,RkxVVFRFUl9FTkdJTkVfUkVWSVNJT049MTUyN2FlMGVjNQ==,RkxVVFRFUl9EQVJUX1ZFUlNJT049My4xMC40 -dFlavor= -dAndroidArchs=android-arm64 -dMinSdkVersion=24 debug_android_application
[        ] Successfully started process 'command '/Users/ahmedabdalmajed/Development/flutter/bin/flutter''
[        ] [  +18 ms] executing: sysctl hw.optional.arm64
[        ] [   +3 ms] Exit code 0 from: sysctl hw.optional.arm64
[        ] [        ] hw.optional.arm64: 1
[        ] [   +3 ms] Artifact Instance of 'MaterialFonts' is not required, skipping update.
[        ] [        ] Artifact Instance of 'GradleWrapper' is not required, skipping update.
[        ] [        ] Artifact Instance of 'AndroidGenSnapshotArtifacts' is not required, skipping update.
[        ] [        ] Artifact Instance of 'AndroidInternalBuildArtifacts' is not required, skipping update.
[        ] [        ] Artifact Instance of 'IOSEngineArtifacts' is not required, skipping update.
[        ] [        ] Artifact Instance of 'FlutterWebSdk' is not required, skipping update.
[        ] [        ] Artifact Instance of 'LegacyCanvasKitRemover' is not required, skipping update.
[        ] [        ] Artifact Instance of 'FlutterSdk' is not required, skipping update.
[        ] [        ] Artifact Instance of 'WindowsEngineArtifacts' is not required, skipping update.
[        ] [        ] Artifact Instance of 'MacOSEngineArtifacts' is not required, skipping update.
[        ] [        ] Artifact Instance of 'LinuxEngineArtifacts' is not required, skipping update.
[        ] [        ] Artifact Instance of 'LinuxFuchsiaSDKArtifacts' is not required, skipping update.
[        ] [        ] Artifact Instance of 'MacOSFuchsiaSDKArtifacts' is not required, skipping update.
[        ] [        ] Artifact Instance of 'FlutterRunnerSDKArtifacts' is not required, skipping update.
[        ] [        ] Artifact Instance of 'FlutterRunnerDebugSymbols' is not required, skipping update.
[        ] [        ] Artifact Instance of 'IosUsbArtifacts' is not required, skipping update.
[        ] [        ] Artifact Instance of 'IosUsbArtifacts' is not required, skipping update.
[        ] [        ] Artifact Instance of 'IosUsbArtifacts' is not required, skipping update.
[        ] [        ] Artifact Instance of 'IosUsbArtifacts' is not required, skipping update.
[        ] [        ] Artifact Instance of 'IosUsbArtifacts' is not required, skipping update.
[        ] [        ] Artifact Instance of 'IosUsbArtifacts' is not required, skipping update.
[        ] [        ] Artifact Instance of 'FontSubsetArtifacts' is not required, skipping update.
[        ] [        ] Artifact Instance of 'PubDependencies' is not required, skipping update.
[        ] [   +3 ms] Artifact Instance of 'AndroidGenSnapshotArtifacts' is not required, skipping update.
[        ] [        ] Artifact Instance of 'AndroidInternalBuildArtifacts' is not required, skipping update.
[        ] [        ] Artifact Instance of 'IOSEngineArtifacts' is not required, skipping update.
[        ] [        ] Artifact Instance of 'FlutterWebSdk' is not required, skipping update.
[        ] [        ] Artifact Instance of 'FlutterEngineStamp' is not required, skipping update.
[        ] [        ] Artifact Instance of 'LegacyCanvasKitRemover' is not required, skipping update.
[        ] [        ] Artifact Instance of 'WindowsEngineArtifacts' is not required, skipping update.
[        ] [        ] Artifact Instance of 'MacOSEngineArtifacts' is not required, skipping update.
[        ] [        ] Artifact Instance of 'LinuxEngineArtifacts' is not required, skipping update.
[        ] [        ] Artifact Instance of 'LinuxFuchsiaSDKArtifacts' is not required, skipping update.
[        ] [        ] Artifact Instance of 'MacOSFuchsiaSDKArtifacts' is not required, skipping update.
[        ] [        ] Artifact Instance of 'FlutterRunnerSDKArtifacts' is not required, skipping update.
[        ] [        ] Artifact Instance of 'FlutterRunnerDebugSymbols' is not required, skipping update.
[        ] [  +18 ms] Artifact Instance of 'MaterialFonts' is not required, skipping update.
[        ] [        ] Artifact Instance of 'GradleWrapper' is not required, skipping update.
[        ] [        ] Artifact Instance of 'AndroidInternalBuildArtifacts' is not required, skipping update.
[        ] [        ] Artifact Instance of 'IOSEngineArtifacts' is not required, skipping update.
[        ] [        ] Artifact Instance of 'FlutterWebSdk' is not required, skipping update.
[        ] [        ] Artifact Instance of 'FlutterEngineStamp' is not required, skipping update.
[        ] [        ] Artifact Instance of 'LegacyCanvasKitRemover' is not required, skipping update.
[        ] [        ] Artifact Instance of 'FlutterSdk' is not required, skipping update.
[        ] [        ] Artifact Instance of 'WindowsEngineArtifacts' is not required, skipping update.
[        ] [        ] Artifact Instance of 'MacOSEngineArtifacts' is not required, skipping update.
[        ] [        ] Artifact Instance of 'LinuxEngineArtifacts' is not required, skipping update.
[        ] [        ] Artifact Instance of 'LinuxFuchsiaSDKArtifacts' is not required, skipping update.
[        ] [        ] Artifact Instance of 'MacOSFuchsiaSDKArtifacts' is not required, skipping update.
[        ] [        ] Artifact Instance of 'FlutterRunnerSDKArtifacts' is not required, skipping update.
[        ] [        ] Artifact Instance of 'FlutterRunnerDebugSymbols' is not required, skipping update.
[        ] [        ] Artifact Instance of 'IosUsbArtifacts' is not required, skipping update.
[        ] [        ] Artifact Instance of 'IosUsbArtifacts' is not required, skipping update.
[        ] [        ] Artifact Instance of 'IosUsbArtifacts' is not required, skipping update.
[        ] [        ] Artifact Instance of 'IosUsbArtifacts' is not required, skipping update.
[        ] [        ] Artifact Instance of 'IosUsbArtifacts' is not required, skipping update.
[        ] [        ] Artifact Instance of 'IosUsbArtifacts' is not required, skipping update.
[        ] [        ] Artifact Instance of 'FontSubsetArtifacts' is not required, skipping update.
[        ] [        ] Artifact Instance of 'PubDependencies' is not required, skipping update.
[        ] [  +17 ms] Initializing file store
[        ] [   +4 ms] Done initializing file store
[        ] [  +15 ms] Skipping target: dart_build
[        ] [        ] Skipping target: gen_dart_plugin_registrant
[        ] [        ] Skipping target: install_code_assets
[        ] [        ] Skipping target: gen_localizations
[        ] [ +278 ms] Skipping target: kernel_snapshot_program
[        ] [   +1 ms] invalidated build due to missing files: /Users/ahmedabdalmajed/Development/projects/alrawi_app/DOES_NOT_EXIST_RERUN_FOR_WILDCARD852710485
[        ] [ +260 ms] debug_android_application: Starting due to {InvalidatedReasonKind.inputMissing: The following inputs were missing: /Users/ahmedabdalmajed/Development/projects/alrawi_app/DOES_NOT_EXIST_RERUN_FOR_WILDCARD852710485}
[        ] [ +100 ms] Manifest contained wildcard assets. Inserting missing file into build graph to force rerun. for more information see #56466.
[        ] [   +6 ms] shaderc command: [/Users/ahmedabdalmajed/Development/flutter/bin/cache/artifacts/engine/darwin-x64/impellerc, --sksl, --runtime-stage-gles, --runtime-stage-gles3, --runtime-stage-vulkan, --iplr, --sl=/Users/ahmedabdalmajed/Development/projects/alrawi_app/android/app/build/intermediates/flutter/debug/flutter_assets/shaders/ink_sparkle.frag, --spirv=/Users/ahmedabdalmajed/Development/projects/alrawi_app/android/app/build/intermediates/flutter/debug/flutter_assets/shaders/ink_sparkle.frag.spirv, --input=/Users/ahmedabdalmajed/Development/flutter/packages/flutter/lib/src/material/shaders/ink_sparkle.frag, --input-type=frag, --include=/Users/ahmedabdalmajed/Development/flutter/packages/flutter/lib/src/material/shaders, --include=/Users/ahmedabdalmajed/Development/flutter/bin/cache/artifacts/engine/darwin-x64/shader_lib]
[        ] [   +1 ms] shaderc command: [/Users/ahmedabdalmajed/Development/flutter/bin/cache/artifacts/engine/darwin-x64/impellerc, --sksl, --runtime-stage-gles, --runtime-stage-gles3, --runtime-stage-vulkan, --iplr, --sl=/Users/ahmedabdalmajed/Development/projects/alrawi_app/android/app/build/intermediates/flutter/debug/flutter_assets/shaders/stretch_effect.frag, --spirv=/Users/ahmedabdalmajed/Development/projects/alrawi_app/android/app/build/intermediates/flutter/debug/flutter_assets/shaders/stretch_effect.frag.spirv, --input=/Users/ahmedabdalmajed/Development/flutter/packages/flutter/lib/src/material/shaders/stretch_effect.frag, --input-type=frag, --include=/Users/ahmedabdalmajed/Development/flutter/packages/flutter/lib/src/material/shaders, --include=/Users/ahmedabdalmajed/Development/flutter/bin/cache/artifacts/engine/darwin-x64/shader_lib]
[        ] [ +341 ms] debug_android_application: Complete
[        ] [ +229 ms] Persisting file store
[        ] [   +2 ms] Done persisting file store
[        ] [   +4 ms] build succeeded.
[        ] [   +1 ms] "flutter assemble" took 1,287ms.
[        ] [   +2 ms] executing: sw_vers -productName
[        ] [   +7 ms] Exit code 0 from: sw_vers -productName
[        ] [        ] macOS
[        ] [        ] executing: sw_vers -productVersion
[        ] [   +6 ms] Exit code 0 from: sw_vers -productVersion
[        ] [        ] 26.1
[        ] [        ] executing: sw_vers -buildVersion
[        ] [   +6 ms] Exit code 0 from: sw_vers -buildVersion
[        ] [        ] 25B78
[        ] [        ] executing: uname -m
[        ] [   +2 ms] Exit code 0 from: uname -m
[        ] [        ] arm64
[        ] [  +18 ms] Running 1 shutdown hook
[        ] [        ] Shutdown hooks complete
[        ] [ +254 ms] exiting with code 0
[        ] Resolve mutations for :app:packJniLibsflutterBuildDebug (Thread[#252,Execution worker,5,main]) started.
[        ] :app:packJniLibsflutterBuildDebug (Thread[#252,Execution worker,5,main]) started.
[        ] > Task :app:packJniLibsflutterBuildDebug UP-TO-DATE
[        ] Caching disabled for task ':app:packJniLibsflutterBuildDebug' because:
[        ]   Build cache is disabled
[        ]   Not worth caching
[        ] Skipping task ':app:packJniLibsflutterBuildDebug' as it is up-to-date.
[        ] Resolve mutations for :app:checkDebugAarMetadata (Thread[#252,Execution worker,5,main]) started.
[        ] :app:checkDebugAarMetadata (Thread[#252,Execution worker,5,main]) started.
[  +14 ms] [
             {
               "simulator" : true,
               "operatingSystemVersion" : "26.2 (23C54)",
               "available" : true,
               "platform" : "com.apple.platform.iphonesimulator",
               "modelCode" : "iPhone18,4",
               "identifier" : "922D799F-CDE1-4F2A-8E7C-F4F6D002662D",
               "architecture" : "arm64",
               "modelUTI" : "com.apple.com.apple.iphone-air-1",
               "modelName" : "iPhone Air",
               "name" : "iPhone Air",
               "ignored" : false
             },
             {
               "simulator" : true,
               "operatingSystemVersion" : "26.2 (23C54)",
               "available" : true,
               "platform" : "com.apple.platform.iphonesimulator",
               "modelCode" : "iPad17,4",
               "identifier" : "80D936C2-324A-42F9-85F4-185DEF7027A5",
               "architecture" : "arm64",
               "modelUTI" : "com.apple.com.apple.ipad-pro-13-inch-m5-1",
               "modelName" : "iPad Pro 13-inch (M5)",
               "name" : "iPad Pro 13-inch (M5)",
               "ignored" : false
             },
             {
               "simulator" : true,
               "operatingSystemVersion" : "26.2 (23C54)",
               "available" : true,
               "platform" : "com.apple.platform.iphonesimulator",
               "modelCode" : "iPad15,3",
               "identifier" : "5FDD51C7-C818-4801-9061-4016374060FC",
               "architecture" : "arm64",
               "modelUTI" : "com.apple.ipad-air-m3-1",
               "modelName" : "iPad Air 11-inch (M3)",
               "name" : "iPad Air 11-inch (M3)",
               "ignored" : false
             },
             {
               "simulator" : true,
               "operatingSystemVersion" : "26.1 (23B86)",
               "available" : true,
               "platform" : "com.apple.platform.iphonesimulator",
               "modelCode" : "iPad15,5",
               "identifier" : "CBBF1941-5DB9-4D2B-9E6E-5F50C4B4C1B0",
               "architecture" : "arm64",
               "modelUTI" : "com.apple.ipad-air-m3-13-1",
               "modelName" : "iPad Air 13-inch (M3)",
               "name" : "iPad Air 13-inch (M3)",
               "ignored" : false
             },
             {
               "simulator" : true,
               "operatingSystemVersion" : "26.2 (23C54)",
               "available" : true,
               "platform" : "com.apple.platform.iphonesimulator",
               "modelCode" : "iPad17,2",
               "identifier" : "BFEA4365-19FA-4BA6-980D-D23A34525A59",
               "architecture" : "arm64",
               "modelUTI" : "com.apple.com.apple.ipad-pro-11-inch-m5-1",
               "modelName" : "iPad Pro 11-inch (M5)",
               "name" : "iPad Pro 11-inch (M5)",
               "ignored" : false
             },
             {
               "simulator" : true,
               "operatingSystemVersion" : "26.1 (23B86)",
               "available" : true,
               "platform" : "com.apple.platform.iphonesimulator",
               "modelCode" : "iPad16,2",
               "identifier" : "81E77B79-7903-4AD1-A526-D7B8EB6C02F1",
               "architecture" : "arm64",
               "modelUTI" : "com.apple.ipad-mini-a17-1",
               "modelName" : "iPad mini (A17 Pro)",
               "name" : "iPad mini (A17 Pro)",
               "ignored" : false
             },
             {
               "simulator" : true,
               "operatingSystemVersion" : "26.1 (23B86)",
               "available" : true,
               "platform" : "com.apple.platform.iphonesimulator",
               "modelCode" : "iPad17,4",
               "identifier" : "9F2AD0A1-D95D-4E2D-81DA-8D5BCA740AFD",
               "architecture" : "arm64",
               "modelUTI" : "com.apple.com.apple.ipad-pro-13-inch-m5-1",
               "modelName" : "iPad Pro 13-inch (M5)",
               "name" : "iPad Pro 13-inch (M5)",
               "ignored" : false
             },
             {
               "simulator" : true,
               "operatingSystemVersion" : "26.1 (23B86)",
               "available" : true,
               "platform" : "com.apple.platform.iphonesimulator",
               "modelCode" : "iPhone18,3",
               "identifier" : "CC98F406-2B78-429A-8D12-82191F90A9C4",
               "architecture" : "arm64",
               "modelUTI" : "com.apple.com.apple.iphone-17-2",
               "modelName" : "iPhone 17",
               "name" : "iPhone 17",
               "ignored" : false
             },
             {
               "simulator" : true,
               "operatingSystemVersion" : "26.1 (23B86)",
               "available" : true,
               "platform" : "com.apple.platform.iphonesimulator",
               "modelCode" : "iPad15,3",
               "identifier" : "7326B6B8-0DAD-4452-9076-02FBF72AF6BC",
               "architecture" : "arm64",
               "modelUTI" : "com.apple.ipad-air-m3-1",
               "modelName" : "iPad Air 11-inch (M3)",
               "name" : "iPad Air 11-inch (M3)",
               "ignored" : false
             },
             {
               "simulator" : true,
               "operatingSystemVersion" : "26.2 (23C54)",
               "available" : true,
               "platform" : "com.apple.platform.iphonesimulator",
               "modelCode" : "iPhone18,1",
               "identifier" : "0350F205-8BA2-4805-B9E3-4DC6C9ECC01E",
               "architecture" : "arm64",
               "modelUTI" : "com.apple.com.apple.iphone-17-pro-2",
               "modelName" : "iPhone 17 Pro",
               "name" : "iPhone 17 Pro",
               "ignored" : false
             },
             {
               "simulator" : true,
               "operatingSystemVersion" : "26.2 (23C54)",
               "available" : true,
               "platform" : "com.apple.platform.iphonesimulator",
               "modelCode" : "iPhone17,5",
               "identifier" : "A5E217A1-425F-49EA-85AE-A016C76BE55A",
               "architecture" : "arm64",
               "modelUTI" : "com.apple.iphone-16-e-1",
               "modelName" : "iPhone 16e",
               "name" : "iPhone 16e",
               "ignored" : false
             },
             {
               "ignored" : false,
               "modelCode" : "iPhone12,5",
               "simulator" : false,
               "modelName" : "iPhone 11 Pro Max",
               "error" : {
                 "code" : -27,
                 "failureReason" : "",
                 "description" : "Browsing on the local area network for KISRA7",
                 "recoverySuggestion" : "Ensure the device is unlocked and attached with a cable or associated with the same local area network as this Mac.\nThe device must be opted into Developer Mode to connect wirelessly.",
                 "domain" : "com.apple.dt.deviceprep"
               },
               "operatingSystemVersion" : "26.1 (23B85)",
               "identifier" : "00008030-000318E22238802E",
               "platform" : "com.apple.platform.iphoneos",
               "architecture" : "arm64e",
               "interface" : "usb",
               "available" : false,
               "name" : "KISRA7",
               "modelUTI" : "com.apple.iphone-11-pro-max-1"
             },
             {
               "simulator" : true,
               "operatingSystemVersion" : "26.1 (23B86)",
               "available" : true,
               "platform" : "com.apple.platform.iphonesimulator",
               "modelCode" : "iPhone18,4",
               "identifier" : "D6AD3B31-77B4-4B14-AA25-69256B124B63",
               "architecture" : "arm64",
               "modelUTI" : "com.apple.com.apple.iphone-air-1",
               "modelName" : "iPhone Air",
               "name" : "iPhone Air",
               "ignored" : false
             },
             {
               "simulator" : true,
               "operatingSystemVersion" : "26.2 (23C54)",
               "available" : true,
               "platform" : "com.apple.platform.iphonesimulator",
               "modelCode" : "iPhone18,2",
               "identifier" : "C3B58C3B-8325-404A-8653-48498594C99B",
               "architecture" : "arm64",
               "modelUTI" : "com.apple.com.apple.iphone-17-pro-max-2",
               "modelName" : "iPhone 17 Pro Max",
               "name" : "iPhone 17 Pro Max",
               "ignored" : false
             },
             {
               "simulator" : true,
               "operatingSystemVersion" : "26.1 (23B86)",
               "available" : true,
               "platform" : "com.apple.platform.iphonesimulator",
               "modelCode" : "iPhone17,5",
               "identifier" : "7BD2002A-2B2D-454D-9408-35A828601876",
               "architecture" : "arm64",
               "modelUTI" : "com.apple.iphone-16-e-1",
               "modelName" : "iPhone 16e",
               "name" : "iPhone 16e",
               "ignored" : false
             },
             {
               "simulator" : true,
               "operatingSystemVersion" : "26.2 (23C54)",
               "available" : true,
               "platform" : "com.apple.platform.iphonesimulator",
               "modelCode" : "iPad15,7",
               "identifier" : "2F33B278-7C86-4974-859D-4CEBBF21C319",
               "architecture" : "arm64",
               "modelUTI" : "com.apple.ipad-a16-1",
               "modelName" : "iPad (A16)",
               "name" : "iPad (A16)",
               "ignored" : false
             },
             {
               "simulator" : true,
               "operatingSystemVersion" : "26.2 (23C54)",
               "available" : true,
               "platform" : "com.apple.platform.iphonesimulator",
               "modelCode" : "iPhone18,3",
               "identifier" : "E9260BF8-83B5-493F-8B8D-C9C44C99A459",
               "architecture" : "arm64",
               "modelUTI" : "com.apple.com.apple.iphone-17-2",
               "modelName" : "iPhone 17",
               "name" : "iPhone 17",
               "ignored" : false
             },
             {
               "ignored" : false,
               "modelCode" : "Mac16,12",
               "simulator" : false,
               "modelName" : "MacBook Air",
               "operatingSystemVersion" : "26.1 (25B78)",
               "identifier" : "00008132-0006454236E3801C",
               "platform" : "com.apple.platform.macosx",
               "architecture" : "arm64e",
               "interface" : "usb",
               "available" : true,
               "name" : "My Mac",
               "modelUTI" : "com.apple.macbookair-13-2025"
             },
             {
               "simulator" : true,
               "operatingSystemVersion" : "26.1 (23B86)",
               "available" : true,
               "platform" : "com.apple.platform.iphonesimulator",
               "modelCode" : "iPhone18,1",
               "identifier" : "30F3D79B-6F1C-4FA7-A8EB-77F0BA729E24",
               "architecture" : "arm64",
               "modelUTI" : "com.apple.com.apple.iphone-17-pro-2",
               "modelName" : "iPhone 17 Pro",
               "name" : "iPhone 17 Pro",
               "ignored" : false
             },
             {
               "simulator" : true,
               "operatingSystemVersion" : "26.1 (23B86)",
               "available" : true,
               "platform" : "com.apple.platform.iphonesimulator",
               "modelCode" : "iPad17,4",
               "identifier" : "017B84B9-91AE-4CA0-A261-554088226CA3",
               "architecture" : "arm64",
               "modelUTI" : "com.apple.com.apple.ipad-pro-13-inch-m5-1",
               "modelName" : "iPad Pro 13-inch (M5) (16GB)",
               "name" : "iPad Pro 13-inch (M5) (16GB)",
               "ignored" : false
             },
             {
               "simulator" : true,
               "operatingSystemVersion" : "26.2 (23C54)",
               "available" : true,
               "platform" : "com.apple.platform.iphonesimulator",
               "modelCode" : "iPad15,5",
               "identifier" : "9BDD04C4-388B-457C-9444-BD7C79695F62",
               "architecture" : "arm64",
               "modelUTI" : "com.apple.ipad-air-m3-13-1",
               "modelName" : "iPad Air 13-inch (M3)",
               "name" : "iPad Air 13-inch (M3)",
               "ignored" : false
             },
             {
               "simulator" : true,
               "operatingSystemVersion" : "26.1 (23B86)",
               "available" : true,
               "platform" : "com.apple.platform.iphonesimulator",
               "modelCode" : "iPad15,7",
               "identifier" : "0E332F70-FCFB-4CC0-A507-A7D29DD36A18",
               "architecture" : "arm64",
               "modelUTI" : "com.apple.ipad-a16-1",
               "modelName" : "iPad (A16)",
               "name" : "iPad (A16)",
               "ignored" : false
             },
             {
               "simulator" : true,
               "operatingSystemVersion" : "26.1 (23B86)",
               "available" : true,
               "platform" : "com.apple.platform.iphonesimulator",
               "modelCode" : "iPad17,2",
               "identifier" : "5EDA764D-448C-4040-B564-4A2979DF04E1",
               "architecture" : "arm64",
               "modelUTI" : "com.apple.com.apple.ipad-pro-11-inch-m5-1",
               "modelName" : "iPad Pro 11-inch (M5)",
               "name" : "iPad Pro 11-inch (M5)",
               "ignored" : false
             },
             {
               "simulator" : true,
               "operatingSystemVersion" : "26.1 (23B86)",
               "available" : true,
               "platform" : "com.apple.platform.iphonesimulator",
               "modelCode" : "iPhone18,2",
               "identifier" : "D765A6D6-2074-4FFC-BC35-E01A1D080254",
               "architecture" : "arm64",
               "modelUTI" : "com.apple.com.apple.iphone-17-pro-max-2",
               "modelName" : "iPhone 17 Pro Max",
               "name" : "iPhone 17 Pro Max",
               "ignored" : false
             },
             {
               "simulator" : true,
               "operatingSystemVersion" : "26.2 (23C54)",
               "available" : true,
               "platform" : "com.apple.platform.iphonesimulator",
               "modelCode" : "iPad16,2",
               "identifier" : "5DF584EC-411E-4A76-ABEB-52F15383BE04",
               "architecture" : "arm64",
               "modelUTI" : "com.apple.ipad-mini-a17-1",
               "modelName" : "iPad mini (A17 Pro)",
               "name" : "iPad mini (A17 Pro)",
               "ignored" : false
             },
             {
               "simulator" : true,
               "operatingSystemVersion" : "26.1 (23B86)",
               "available" : true,
               "platform" : "com.apple.platform.iphonesimulator",
               "modelCode" : "iPhone18,1",
               "identifier" : "EC7044E1-3E51-40ED-86ED-C7F854D30BF6",
               "architecture" : "arm64",
               "modelUTI" : "com.apple.com.apple.iphone-17-pro-2",
               "modelName" : "iPhone 17 Pro",
               "name" : "iPhone 17 Pro",
               "ignored" : false
             }
           ]
[        ] executing: /usr/bin/arch -arm64e xcrun devicectl list devices --timeout 5 --json-output /var/folders/ww/rcq3fzc976d6l18ykm3jb9cw0000gn/T/flutter_tools.kw6KeO/core_devices.3YXytT/core_device_list.json
[  +45 ms] Name     Hostname                  Identifier                             State         Model     
           ------   -----------------------   ------------------------------------   -----------   ----------
           KISRA7   KISRA7.coredevice.local   8F62321B-52EC-598C-9940-14CC2BDCDE11   unavailable   iPhone12,5
[        ] {
             "info" : {
               "arguments" : [
                 "devicectl",
                 "list",
                 "devices",
                 "--timeout",
                 "5",
                 "--json-output",
                 "/var/folders/ww/rcq3fzc976d6l18ykm3jb9cw0000gn/T/flutter_tools.kw6KeO/core_devices.3YXytT/core_device_list.json"
               ],
               "commandType" : "devicectl.list.devices",
               "environment" : {
                 "TERM" : "xterm-256color"
               },
               "jsonVersion" : 3,
               "outcome" : "success",
               "version" : "506.6"
             },
             "result" : {
               "devices" : [
                 {
                   "capabilities" : [
                     {
                       "featureIdentifier" : "com.apple.coredevice.feature.tags",
                       "name" : "Modify Tags"
                     },
                     {
                       "featureIdentifier" : "com.apple.coredevice.feature.default.user.credentials",
                       "name" : "Modify credentials for default users for a device"
                     },
                     {
                       "featureIdentifier" : "com.apple.coredevice.feature.unpairdevice",
                       "name" : "Unpair Device"
                     }
                   ],
                   "connectionProperties" : {
                     "authenticationType" : "manualPairing",
                     "isMobileDeviceOnly" : false,
                     "pairingState" : "paired",
                     "potentialHostnames" : [
                       "KISRA7.coredevice.local",
                       "8F62321B-52EC-598C-9940-14CC2BDCDE11.coredevice.local",
                       "00008030-000318E22238802E.coredevice.local"
                     ],
                     "tunnelState" : "unavailable"
                   },
                   "deviceProperties" : {
                     "ddiServicesAvailable" : false,
                     "name" : "KISRA7",
                     "osBuildUpdate" : "23B85",
                     "osVersionNumber" : "26.1"
                   },
                   "hardwareProperties" : {
                     "cpuType" : {
                       "name" : "arm64e",
                       "subType" : 2,
                       "type" : 16777228
                     },
                     "deviceType" : "iPhone",
                     "ecid" : 871784445935662,
                     "hardwareModel" : "D431AP",
                     "platform" : "iOS",
                     "productType" : "iPhone12,5",
                     "supportedCPUTypes" : [
                       {
                         "name" : "arm64e",
                         "subType" : 2,
                         "type" : 16777228
                       },
                       {
                         "name" : "arm64",
                         "subType" : 0,
                         "type" : 16777228
                       }
                     ],
                     "supportedDeviceFamilies" : [
                       1
                     ],
                     "udid" : "00008030-000318E22238802E"
                   },
                   "identifier" : "8F62321B-52EC-598C-9940-14CC2BDCDE11",
                   "tags" : [

                   ],
                   "visibilityClass" : "default"
                 }
               ]
             }
           }

[        ] Error: Browsing on the local area network for KISRA7. Ensure the device is unlocked and attached with a cable or associated with the same local area network as this Mac.
           The device must be opted into Developer Mode to connect wirelessly. (code -27)
[  +34 ms] > Task :app:checkDebugAarMetadata UP-TO-DATE
[        ] Caching disabled for task ':app:checkDebugAarMetadata' because:
[        ]   Build cache is disabled
[        ]   Caching has been disabled for the task
[        ] Skipping task ':app:checkDebugAarMetadata' as it is up-to-date.
[        ] Resolve mutations for :app:cleanMergeDebugAssets (Thread[#252,Execution worker,5,main]) started.
[        ] :app:cleanMergeDebugAssets (Thread[#252,Execution worker,5,main]) started.
[        ] > Task :app:cleanMergeDebugAssets
[        ] Caching disabled for task ':app:cleanMergeDebugAssets' because:
[        ]   Build cache is disabled
[        ] Task ':app:cleanMergeDebugAssets' is not up-to-date because:
[        ]   Task has not declared any outputs despite executing actions.
[        ] Resolve mutations for :app:mergeDebugShaders (Thread[#252,Execution worker,5,main]) started.
[        ] :app:mergeDebugShaders (Thread[#252,Execution worker,5,main]) started.
[        ] > Task :app:mergeDebugShaders UP-TO-DATE
[        ] Caching disabled for task ':app:mergeDebugShaders' because:
[        ]   Build cache is disabled
[        ]   Simple merging task
[        ] Skipping task ':app:mergeDebugShaders' as it is up-to-date.
[        ] Resolve mutations for :app:compileDebugShaders (Thread[#252,Execution worker,5,main]) started.
[        ] :app:compileDebugShaders (Thread[#252,Execution worker,5,main]) started.
[        ] > Task :app:compileDebugShaders NO-SOURCE
[        ] Skipping task ':app:compileDebugShaders' as it has no source files and no previous output files.
[        ] Resolve mutations for :app:generateDebugAssets (Thread[#252,Execution worker,5,main]) started.
[        ] :app:generateDebugAssets (Thread[#252,Execution worker,5,main]) started.
[        ] > Task :app:generateDebugAssets UP-TO-DATE
[        ] Skipping task ':app:generateDebugAssets' as it has no actions.
[        ] Resolve mutations for :app:mergeDebugAssets (Thread[#252,Execution worker,5,main]) started.
[        ] :app:mergeDebugAssets (Thread[#252,Execution worker,5,main]) started.
[        ] > Task :app:mergeDebugAssets
[        ] Caching disabled for task ':app:mergeDebugAssets' because:
[        ]   Build cache is disabled
[        ]   Simple merging task
[        ] Task ':app:mergeDebugAssets' is not up-to-date because:
[        ]   Output property 'outputDir' file /Users/ahmedabdalmajed/Development/projects/alrawi_app/android/app/build/intermediates/assets/debug/mergeDebugAssets has been removed.
[        ]   Output property 'outputDir' file /Users/ahmedabdalmajed/Development/projects/alrawi_app/android/app/build/intermediates/assets/debug/mergeDebugAssets/cers has been removed.
[        ]   Output property 'outputDir' file /Users/ahmedabdalmajed/Development/projects/alrawi_app/android/app/build/intermediates/assets/debug/mergeDebugAssets/countryList.en.json has been removed.
[        ]   and more...
[        ] The input changes require a full rebuild for incremental task ':app:mergeDebugAssets'.
[        ] Resolve mutations for :app:copyFlutterAssetsDebug (Thread[#252,Execution worker,5,main]) started.
[        ] :app:copyFlutterAssetsDebug (Thread[#252,Execution worker,5,main]) started.
[  +97 ms] > Task :app:copyFlutterAssetsDebug
[        ] Caching disabled for task ':app:copyFlutterAssetsDebug' because:
[        ]   Build cache is disabled
[        ]   Not worth caching
[        ] Task ':app:copyFlutterAssetsDebug' is not up-to-date because:
[        ]   Output property 'destinationDir' file /Users/ahmedabdalmajed/Development/projects/alrawi_app/android/app/build/intermediates/assets/debug/mergeDebugAssets/flutter_assets has been removed.
[        ]   Output property 'destinationDir' file /Users/ahmedabdalmajed/Development/projects/alrawi_app/android/app/build/intermediates/assets/debug/mergeDebugAssets/flutter_assets/AssetManifest.bin has been removed.
[        ]   Output property 'destinationDir' file /Users/ahmedabdalmajed/Development/projects/alrawi_app/android/app/build/intermediates/assets/debug/mergeDebugAssets/flutter_assets/FontManifest.json has been removed.
[        ]   and more...
[        ] Resolve mutations for :app:generateDebugResValues (Thread[#252,Execution worker,5,main]) started.
[        ] :app:generateDebugResValues (Thread[#252,Execution worker,5,main]) started.
[        ] > Task :app:generateDebugResValues UP-TO-DATE
[        ] Caching disabled for task ':app:generateDebugResValues' because:
[        ]   Build cache is disabled
[        ] Skipping task ':app:generateDebugResValues' as it is up-to-date.
[        ] Resolve mutations for :app:mapDebugSourceSetPaths (Thread[#252,Execution worker,5,main]) started.
[        ] :app:mapDebugSourceSetPaths (Thread[#252,Execution worker,5,main]) started.
[        ] > Task :app:mapDebugSourceSetPaths UP-TO-DATE
[        ] Caching disabled for task ':app:mapDebugSourceSetPaths' because:
[        ]   Build cache is disabled
[        ]   Caching has been disabled for the task
[        ] Skipping task ':app:mapDebugSourceSetPaths' as it is up-to-date.
[        ] Resolve mutations for :app:generateDebugResources (Thread[#252,Execution worker,5,main]) started.
[        ] :app:generateDebugResources (Thread[#252,Execution worker,5,main]) started.
[        ] > Task :app:generateDebugResources UP-TO-DATE
[        ] Caching disabled for task ':app:generateDebugResources' because:
[        ]   Build cache is disabled
[        ] Skipping task ':app:generateDebugResources' as it is up-to-date.
[        ] Resolve mutations for :app:mergeDebugResources (Thread[#252,Execution worker,5,main]) started.
[        ] :app:mergeDebugResources (Thread[#252,Execution worker,5,main]) started.
[        ] > Task :app:mergeDebugResources UP-TO-DATE
[        ] Caching disabled for task ':app:mergeDebugResources' because:
[        ]   Build cache is disabled
[        ] Skipping task ':app:mergeDebugResources' as it is up-to-date.
[        ] Resolve mutations for :app:packageDebugResources (Thread[#252,Execution worker,5,main]) started.
[        ] :app:packageDebugResources (Thread[#252,Execution worker,5,main]) started.
[        ] > Task :app:packageDebugResources UP-TO-DATE
[        ] Caching disabled for task ':app:packageDebugResources' because:
[        ]   Build cache is disabled
[        ] Skipping task ':app:packageDebugResources' as it is up-to-date.
[        ] Resolve mutations for :app:parseDebugLocalResources (Thread[#252,Execution worker,5,main]) started.
[        ] :app:parseDebugLocalResources (Thread[#252,Execution worker,5,main]) started.
[        ] > Task :app:parseDebugLocalResources UP-TO-DATE
[        ] Caching disabled for task ':app:parseDebugLocalResources' because:
[        ]   Build cache is disabled
[        ] Skipping task ':app:parseDebugLocalResources' as it is up-to-date.
[        ] Resolve mutations for :app:createDebugCompatibleScreenManifests (Thread[#252,Execution worker,5,main]) started.
[        ] :app:createDebugCompatibleScreenManifests (Thread[#252,Execution worker,5,main]) started.
[        ] > Task :app:createDebugCompatibleScreenManifests UP-TO-DATE
[        ] Caching disabled for task ':app:createDebugCompatibleScreenManifests' because:
[        ]   Build cache is disabled
[        ]   Caching has been disabled for the task
[        ] Skipping task ':app:createDebugCompatibleScreenManifests' as it is up-to-date.
[        ] Resolve mutations for :app:extractDeepLinksDebug (Thread[#252,Execution worker,5,main]) started.
[        ] :app:extractDeepLinksDebug (Thread[#252,Execution worker,5,main]) started.
[        ] > Task :app:extractDeepLinksDebug UP-TO-DATE
[        ] Caching disabled for task ':app:extractDeepLinksDebug' because:
[        ]   Build cache is disabled
[        ] Skipping task ':app:extractDeepLinksDebug' as it is up-to-date.
[        ] Resolve mutations for :app:processDebugMainManifest (Thread[#252,Execution worker,5,main]) started.
[        ] :app:processDebugMainManifest (Thread[#252,Execution worker,5,main]) started.
[        ] > Task :app:processDebugMainManifest UP-TO-DATE
[        ] Caching disabled for task ':app:processDebugMainManifest' because:
[        ]   Build cache is disabled
[        ] Skipping task ':app:processDebugMainManifest' as it is up-to-date.
[        ] Resolve mutations for :app:outputDebugAppLinkSettings (Thread[#252,Execution worker,5,main]) started.
[        ] :app:outputDebugAppLinkSettings (Thread[#252,Execution worker,5,main]) started.
[        ] > Task :app:outputDebugAppLinkSettings UP-TO-DATE
[        ] Caching disabled for task ':app:outputDebugAppLinkSettings' because:
[        ]   Build cache is disabled
[        ]   Caching has not been enabled for the task
[        ] Skipping task ':app:outputDebugAppLinkSettings' as it is up-to-date.
[        ] Resolve mutations for :app:processDebugManifest (Thread[#252,Execution worker,5,main]) started.
[        ] :app:processDebugManifest (Thread[#252,Execution worker,5,main]) started.
[        ] > Task :app:processDebugManifest UP-TO-DATE
[        ] Caching disabled for task ':app:processDebugManifest' because:
[        ]   Build cache is disabled
[        ] Skipping task ':app:processDebugManifest' as it is up-to-date.
[        ] Resolve mutations for :app:processDebugManifestForPackage (Thread[#252,Execution worker,5,main]) started.
[        ] :app:processDebugManifestForPackage (Thread[#252,Execution worker,5,main]) started.
[        ] > Task :app:processDebugManifestForPackage UP-TO-DATE
[        ] Custom actions are attached to task ':app:processDebugManifestForPackage'.
[        ] Caching disabled for task ':app:processDebugManifestForPackage' because:
[        ]   Build cache is disabled
[        ] Skipping task ':app:processDebugManifestForPackage' as it is up-to-date.
[        ] Resolve mutations for :app:processDebugResources (Thread[#252,Execution worker,5,main]) started.
[        ] :app:processDebugResources (Thread[#252,Execution worker,5,main]) started.
[        ] > Task :app:processDebugResources UP-TO-DATE
[        ] Caching disabled for task ':app:processDebugResources' because:
[        ]   Build cache is disabled
[        ] Skipping task ':app:processDebugResources' as it is up-to-date.
[        ] Resolve mutations for :app:compileDebugKotlin (Thread[#252,Execution worker,5,main]) started.
[        ] :app:compileDebugKotlin (Thread[#252,Execution worker,5,main]) started.
[        ] > Task :app:compileDebugKotlin UP-TO-DATE
[        ] Caching disabled for task ':app:compileDebugKotlin' because:
[        ]   Build cache is disabled
[        ] Skipping task ':app:compileDebugKotlin' as it is up-to-date.
[        ] Resolve mutations for :app:javaPreCompileDebug (Thread[#252,Execution worker,5,main]) started.
[        ] :app:javaPreCompileDebug (Thread[#252,Execution worker,5,main]) started.
[        ] > Task :app:javaPreCompileDebug UP-TO-DATE
[        ] Caching disabled for task ':app:javaPreCompileDebug' because:
[        ]   Build cache is disabled
[        ] Skipping task ':app:javaPreCompileDebug' as it is up-to-date.
[        ] Resolve mutations for :app:compileDebugJavaWithJavac (Thread[#252,Execution worker,5,main]) started.
[        ] :app:compileDebugJavaWithJavac (Thread[#252,Execution worker,5,main]) started.
[  +95 ms] > Task :app:compileDebugJavaWithJavac UP-TO-DATE
[        ] Custom actions are attached to task ':app:compileDebugJavaWithJavac'.
[        ] Caching disabled for task ':app:compileDebugJavaWithJavac' because:
[        ]   Build cache is disabled
[        ] Skipping task ':app:compileDebugJavaWithJavac' as it is up-to-date.
[        ] No compile result for :app:compileDebugJavaWithJavac
[        ] No compile result for :app:compileDebugJavaWithJavac
[        ] Resolve mutations for :app:compressDebugAssets (Thread[#252,Execution worker,5,main]) started.
[        ] :app:compressDebugAssets (Thread[#252,Execution worker,5,main]) started.
[        ] > Task :app:compressDebugAssets UP-TO-DATE
[        ] Caching disabled for task ':app:compressDebugAssets' because:
[        ]   Build cache is disabled
[        ] Skipping task ':app:compressDebugAssets' as it is up-to-date.
[        ] Resolve mutations for :app:desugarDebugFileDependencies (Thread[#252,Execution worker,5,main]) started.
[        ] :app:desugarDebugFileDependencies (Thread[#252,Execution worker,5,main]) started.
[        ] > Task :app:desugarDebugFileDependencies UP-TO-DATE
[        ] Caching disabled for task ':app:desugarDebugFileDependencies' because:
[        ]   Build cache is disabled
[        ] Skipping task ':app:desugarDebugFileDependencies' as it is up-to-date.
[        ] Resolve mutations for :app:dexBuilderDebug (Thread[#252,Execution worker,5,main]) started.
[        ] :app:dexBuilderDebug (Thread[#252,Execution worker,5,main]) started.
[        ] > Task :app:dexBuilderDebug UP-TO-DATE
[        ] Caching disabled for task ':app:dexBuilderDebug' because:
[        ]   Build cache is disabled
[        ] Skipping task ':app:dexBuilderDebug' as it is up-to-date.
[        ] Resolve mutations for :app:mergeDebugGlobalSynthetics (Thread[#252,Execution worker,5,main]) started.
[        ] :app:mergeDebugGlobalSynthetics (Thread[#252,Execution worker,5,main]) started.
[        ] > Task :app:mergeDebugGlobalSynthetics UP-TO-DATE
[        ] Caching disabled for task ':app:mergeDebugGlobalSynthetics' because:
[        ]   Build cache is disabled
[        ] Skipping task ':app:mergeDebugGlobalSynthetics' as it is up-to-date.
[        ] Resolve mutations for :app:processDebugJavaRes (Thread[#252,Execution worker,5,main]) started.
[        ] :app:processDebugJavaRes (Thread[#252,Execution worker,5,main]) started.
[        ] > Task :app:processDebugJavaRes UP-TO-DATE
[        ] file or directory '/Users/ahmedabdalmajed/Development/projects/alrawi_app/android/app/src/main/resources', not found
[        ] file or directory '/Users/ahmedabdalmajed/Development/projects/alrawi_app/android/app/src/debug/resources', not found
[        ] file or directory '/Users/ahmedabdalmajed/Development/projects/alrawi_app/android/app/src/main/resources', not found
[        ] file or directory '/Users/ahmedabdalmajed/Development/projects/alrawi_app/android/app/src/debug/resources', not found
[        ] Caching disabled for task ':app:processDebugJavaRes' because:
[        ]   Build cache is disabled
[        ]   Caching has been disabled for the task
[        ] Skipping task ':app:processDebugJavaRes' as it is up-to-date.
[        ] Resolve mutations for :app:mergeDebugJavaResource (Thread[#252,Execution worker,5,main]) started.
[        ] :app:mergeDebugJavaResource (Thread[#252,Execution worker,5,main]) started.
[        ] > Task :app:mergeDebugJavaResource UP-TO-DATE
[        ] Caching disabled for task ':app:mergeDebugJavaResource' because:
[        ]   Build cache is disabled
[        ]   Caching has been disabled for the task
[        ] Skipping task ':app:mergeDebugJavaResource' as it is up-to-date.
[        ] Resolve mutations for :app:checkDebugDuplicateClasses (Thread[#252,Execution worker,5,main]) started.
[        ] :app:checkDebugDuplicateClasses (Thread[#252,Execution worker,5,main]) started.
[        ] > Task :app:checkDebugDuplicateClasses UP-TO-DATE
[        ] Caching disabled for task ':app:checkDebugDuplicateClasses' because:
[        ]   Build cache is disabled
[        ]   Caching has been disabled for the task
[        ] Skipping task ':app:checkDebugDuplicateClasses' as it is up-to-date.
[        ] Resolve mutations for :app:mergeExtDexDebug (Thread[#252,Execution worker,5,main]) started.
[        ] :app:mergeExtDexDebug (Thread[#252,Execution worker,5,main]) started.
[        ] > Task :app:mergeExtDexDebug UP-TO-DATE
[        ] Caching disabled for task ':app:mergeExtDexDebug' because:
[        ]   Build cache is disabled
[        ] Skipping task ':app:mergeExtDexDebug' as it is up-to-date.
[        ] Resolve mutations for :app:mergeLibDexDebug (Thread[#252,Execution worker,5,main]) started.
[        ] :app:mergeLibDexDebug (Thread[#252,Execution worker,5,main]) started.
[        ] > Task :app:mergeLibDexDebug UP-TO-DATE
[        ] Caching disabled for task ':app:mergeLibDexDebug' because:
[        ]   Build cache is disabled
[        ] Skipping task ':app:mergeLibDexDebug' as it is up-to-date.
[        ] Resolve mutations for :app:mergeProjectDexDebug (Thread[#252,Execution worker,5,main]) started.
[        ] :app:mergeProjectDexDebug (Thread[#252,Execution worker,5,main]) started.
[        ] > Task :app:mergeProjectDexDebug UP-TO-DATE
[        ] Caching disabled for task ':app:mergeProjectDexDebug' because:
[        ]   Build cache is disabled
[        ] Skipping task ':app:mergeProjectDexDebug' as it is up-to-date.
[        ] Resolve mutations for :app:configureCMakeDebug[arm64-v8a] (Thread[#252,Execution worker,5,main]) started.
[        ] :app:configureCMakeDebug[arm64-v8a] (Thread[#252,Execution worker,5,main]) started.
[        ] > Task :app:configureCMakeDebug[arm64-v8a]
[        ] Caching disabled for task ':app:configureCMakeDebug[arm64-v8a]' because:
[        ]   Build cache is disabled
[        ]   Caching has been disabled for the task
[        ] Task ':app:configureCMakeDebug[arm64-v8a]' is not up-to-date because:
[        ]   Task.upToDateWhen is false.
[        ] C/C++: /Users/ahmedabdalmajed/Development/flutter/packages/flutter_tools/gradle/src/main/scripts/CMakeLists.txt debug|arm64-v8a : Start JSON generation. Platform version: 24 min SDK version: arm64-v8a
[        ] C/C++: /Users/ahmedabdalmajed/Development/flutter/packages/flutter_tools/gradle/src/main/scripts/CMakeLists.txt debug|arm64-v8a : JSON '/Users/ahmedabdalmajed/Development/projects/alrawi_app/android/app/.cxx/debug/1jn6q3i5/arm64-v8a/android_gradle_build.json' was up-to-date
[        ] C/C++: /Users/ahmedabdalmajed/Development/flutter/packages/flutter_tools/gradle/src/main/scripts/CMakeLists.txt debug|arm64-v8a : JSON generation completed without problems
[        ] C/C++: /Users/ahmedabdalmajed/Development/flutter/packages/flutter_tools/gradle/src/main/scripts/CMakeLists.txt debug|arm64-v8a : Writing build model to /Users/ahmedabdalmajed/Development/projects/alrawi_app/android/app/build/intermediates/cxx/debug/1jn6q3i5/logs/arm64-v8a/build_model.json
[        ] Resolve mutations for :app:buildCMakeDebug[arm64-v8a] (Thread[#252,Execution worker,5,main]) started.
[        ] :app:buildCMakeDebug[arm64-v8a] (Thread[#252,Execution worker,5,main]) started.
[        ] > Task :app:buildCMakeDebug[arm64-v8a]
[        ] Caching disabled for task ':app:buildCMakeDebug[arm64-v8a]' because:
[        ]   Build cache is disabled
[        ]   Caching has been disabled for the task
[        ] Task ':app:buildCMakeDebug[arm64-v8a]' is not up-to-date because:
[        ]   Task.upToDateWhen is false.
[        ] C/C++: starting build
[        ] C/C++: reading expected JSONs
[        ] C/C++: done reading expected JSONs
[        ] C/C++: executing build commands for targets that produce .so files or executables
[        ] C/C++: evaluate miniconfig
[        ] C/C++: no libraries
[        ] Resolve mutations for :app:configureCMakeDebug[armeabi-v7a] (Thread[#252,Execution worker,5,main]) started.
[        ] :app:configureCMakeDebug[armeabi-v7a] (Thread[#252,Execution worker,5,main]) started.
[        ] > Task :app:configureCMakeDebug[armeabi-v7a]
[        ] Caching disabled for task ':app:configureCMakeDebug[armeabi-v7a]' because:
[        ]   Build cache is disabled
[        ]   Caching has been disabled for the task
[        ] Task ':app:configureCMakeDebug[armeabi-v7a]' is not up-to-date because:
[        ]   Task.upToDateWhen is false.
[        ] C/C++: /Users/ahmedabdalmajed/Development/flutter/packages/flutter_tools/gradle/src/main/scripts/CMakeLists.txt debug|armeabi-v7a : Start JSON generation. Platform version: 24 min SDK version: armeabi-v7a
[        ] C/C++: /Users/ahmedabdalmajed/Development/flutter/packages/flutter_tools/gradle/src/main/scripts/CMakeLists.txt debug|armeabi-v7a : JSON '/Users/ahmedabdalmajed/Development/projects/alrawi_app/android/app/.cxx/debug/1jn6q3i5/armeabi-v7a/android_gradle_build.json' was up-to-date
[        ] C/C++: /Users/ahmedabdalmajed/Development/flutter/packages/flutter_tools/gradle/src/main/scripts/CMakeLists.txt debug|armeabi-v7a : JSON generation completed without problems
[        ] C/C++: /Users/ahmedabdalmajed/Development/flutter/packages/flutter_tools/gradle/src/main/scripts/CMakeLists.txt debug|armeabi-v7a : Writing build model to /Users/ahmedabdalmajed/Development/projects/alrawi_app/android/app/build/intermediates/cxx/debug/1jn6q3i5/logs/armeabi-v7a/build_model.json
[        ] Resolve mutations for :app:buildCMakeDebug[armeabi-v7a] (Thread[#252,Execution worker,5,main]) started.
[        ] :app:buildCMakeDebug[armeabi-v7a] (Thread[#252,Execution worker,5,main]) started.
[        ] > Task :app:buildCMakeDebug[armeabi-v7a]
[        ] Caching disabled for task ':app:buildCMakeDebug[armeabi-v7a]' because:
[        ]   Build cache is disabled
[        ]   Caching has been disabled for the task
[        ] Task ':app:buildCMakeDebug[armeabi-v7a]' is not up-to-date because:
[        ]   Task.upToDateWhen is false.
[        ] C/C++: starting build
[        ] C/C++: reading expected JSONs
[        ] C/C++: done reading expected JSONs
[   +1 ms] C/C++: executing build commands for targets that produce .so files or executables
[        ] C/C++: evaluate miniconfig
[        ] C/C++: no libraries
[        ] Resolve mutations for :app:configureCMakeDebug[x86_64] (Thread[#252,Execution worker,5,main]) started.
[        ] :app:configureCMakeDebug[x86_64] (Thread[#252,Execution worker,5,main]) started.
[        ] > Task :app:configureCMakeDebug[x86_64]
[        ] Caching disabled for task ':app:configureCMakeDebug[x86_64]' because:
[        ]   Build cache is disabled
[        ]   Caching has been disabled for the task
[        ] Task ':app:configureCMakeDebug[x86_64]' is not up-to-date because:
[        ]   Task.upToDateWhen is false.
[        ] C/C++: /Users/ahmedabdalmajed/Development/flutter/packages/flutter_tools/gradle/src/main/scripts/CMakeLists.txt debug|x86_64 : Start JSON generation. Platform version: 24 min SDK version: x86_64
[        ] C/C++: /Users/ahmedabdalmajed/Development/flutter/packages/flutter_tools/gradle/src/main/scripts/CMakeLists.txt debug|x86_64 : JSON '/Users/ahmedabdalmajed/Development/projects/alrawi_app/android/app/.cxx/debug/1jn6q3i5/x86_64/android_gradle_build.json' was up-to-date
[        ] C/C++: /Users/ahmedabdalmajed/Development/flutter/packages/flutter_tools/gradle/src/main/scripts/CMakeLists.txt debug|x86_64 : JSON generation completed without problems
[        ] C/C++: /Users/ahmedabdalmajed/Development/flutter/packages/flutter_tools/gradle/src/main/scripts/CMakeLists.txt debug|x86_64 : Writing build model to /Users/ahmedabdalmajed/Development/projects/alrawi_app/android/app/build/intermediates/cxx/debug/1jn6q3i5/logs/x86_64/build_model.json
[        ] Resolve mutations for :app:buildCMakeDebug[x86_64] (Thread[#252,Execution worker,5,main]) started.
[        ] :app:buildCMakeDebug[x86_64] (Thread[#252,Execution worker,5,main]) started.
[        ] > Task :app:buildCMakeDebug[x86_64]
[        ] Caching disabled for task ':app:buildCMakeDebug[x86_64]' because:
[        ]   Build cache is disabled
[        ]   Caching has been disabled for the task
[        ] Task ':app:buildCMakeDebug[x86_64]' is not up-to-date because:
[        ]   Task.upToDateWhen is false.
[        ] C/C++: starting build
[        ] C/C++: reading expected JSONs
[        ] C/C++: done reading expected JSONs
[        ] C/C++: executing build commands for targets that produce .so files or executables
[        ] C/C++: evaluate miniconfig
[        ] C/C++: no libraries
[        ] Resolve mutations for :app:mergeDebugJniLibFolders (Thread[#252,Execution worker,5,main]) started.
[        ] :app:mergeDebugJniLibFolders (Thread[#252,Execution worker,5,main]) started.
[        ] > Task :app:mergeDebugJniLibFolders UP-TO-DATE
[        ] Caching disabled for task ':app:mergeDebugJniLibFolders' because:
[        ]   Build cache is disabled
[        ]   Simple merging task
[        ] Skipping task ':app:mergeDebugJniLibFolders' as it is up-to-date.
[        ] Resolve mutations for :app:mergeDebugNativeLibs (Thread[#252,Execution worker,5,main]) started.
[        ] :app:mergeDebugNativeLibs (Thread[#252,Execution worker,5,main]) started.
[        ] > Task :app:mergeDebugNativeLibs UP-TO-DATE
[        ] Caching disabled for task ':app:mergeDebugNativeLibs' because:
[        ]   Build cache is disabled
[        ]   Caching has been disabled for the task
[        ] Skipping task ':app:mergeDebugNativeLibs' as it is up-to-date.
[        ] Resolve mutations for :app:stripDebugDebugSymbols (Thread[#252,Execution worker,5,main]) started.
[        ] :app:stripDebugDebugSymbols (Thread[#252,Execution worker,5,main]) started.
[        ] > Task :app:stripDebugDebugSymbols UP-TO-DATE
[        ] Caching disabled for task ':app:stripDebugDebugSymbols' because:
[        ]   Build cache is disabled
[        ]   Caching has been disabled for the task
[        ] Skipping task ':app:stripDebugDebugSymbols' as it is up-to-date.
[        ] Resolve mutations for :app:validateSigningDebug (Thread[#252,Execution worker,5,main]) started.
[        ] :app:validateSigningDebug (Thread[#252,Execution worker,5,main]) started.
[        ] > Task :app:validateSigningDebug UP-TO-DATE
[        ] Caching disabled for task ':app:validateSigningDebug' because:
[        ]   Build cache is disabled
[        ]   Caching has been disabled for the task
[        ] Skipping task ':app:validateSigningDebug' as it is up-to-date.
[        ] Resolve mutations for :app:writeDebugAppMetadata (Thread[#252,Execution worker,5,main]) started.
[        ] :app:writeDebugAppMetadata (Thread[#252,Execution worker,5,main]) started.
[        ] > Task :app:writeDebugAppMetadata UP-TO-DATE
[        ] Caching disabled for task ':app:writeDebugAppMetadata' because:
[        ]   Build cache is disabled
[        ]   Caching has been disabled for the task
[        ] Skipping task ':app:writeDebugAppMetadata' as it is up-to-date.
[        ] Resolve mutations for :app:writeDebugSigningConfigVersions (Thread[#252,Execution worker,5,main]) started.
[        ] :app:writeDebugSigningConfigVersions (Thread[#252,Execution worker,5,main]) started.
[        ] > Task :app:writeDebugSigningConfigVersions UP-TO-DATE
[        ] Caching disabled for task ':app:writeDebugSigningConfigVersions' because:
[        ]   Build cache is disabled
[        ]   Caching has been disabled for the task
[        ] Skipping task ':app:writeDebugSigningConfigVersions' as it is up-to-date.
[        ] Resolve mutations for :app:packageDebug (Thread[#252,Execution worker,5,main]) started.
[        ] :app:packageDebug (Thread[#252,Execution worker,5,main]) started.
[        ] > Task :app:packageDebug UP-TO-DATE
[        ] Custom actions are attached to task ':app:packageDebug'.
[        ] Caching disabled for task ':app:packageDebug' because:
[        ]   Build cache is disabled
[        ]   Caching has been disabled for the task
[        ] Skipping task ':app:packageDebug' as it is up-to-date.
[        ] Resolve mutations for :app:createDebugApkListingFileRedirect (Thread[#252,Execution worker,5,main]) started.
[        ] :app:createDebugApkListingFileRedirect (Thread[#252,Execution worker,5,main]) started.
[        ] > Task :app:createDebugApkListingFileRedirect UP-TO-DATE
[        ] Caching disabled for task ':app:createDebugApkListingFileRedirect' because:
[        ]   Build cache is disabled
[        ]   Caching has been disabled for the task
[        ] Skipping task ':app:createDebugApkListingFileRedirect' as it is up-to-date.
[        ] Resolve mutations for :app:assembleDebug (Thread[#252,Execution worker,5,main]) started.
[        ] :app:assembleDebug (Thread[#252,Execution worker,5,main]) started.
[  +86 ms] > Task :app:assembleDebug
[        ] Caching disabled for task ':app:assembleDebug' because:
[        ]   Build cache is disabled
[        ] Task ':app:assembleDebug' is not up-to-date because:
[        ]   Task has not declared any outputs despite executing actions.
[        ] [Incubating] Problems report is available at: file:///Users/ahmedabdalmajed/Development/projects/alrawi_app/android/build/reports/problems/problems-report.html
[        ] Deprecated Gradle features were used in this build, making it incompatible with Gradle 9.0.
[        ] You can use '--warning-mode all' to show the individual deprecation warnings and determine if they come from your own scripts or plugins.
[        ] For more on this, please refer to https://docs.gradle.org/8.13/userguide/command_line_interface.html#sec:command_line_warnings in the Gradle documentation.
[        ] BUILD SUCCESSFUL in 2s
[        ] 54 actionable tasks: 12 executed, 42 up-to-date
[        ] Watched directory hierarchies: [/Users/ahmedabdalmajed/Development/flutter/packages/flutter_tools/gradle, /Users/ahmedabdalmajed/Development/projects/alrawi_app/android]
[  +22 ms] Running Gradle task 'assembleDebug'... (completed in 2,828ms)
[  +12 ms] LocalFile: '/Users/ahmedabdalmajed/Development/projects/alrawi_app/android/build.gradle.kts' doesn't provide an AGP version. Checking settings.
[  +10 ms] LocalFile: '/Users/ahmedabdalmajed/Development/projects/alrawi_app/android/settings.gradle.kts' provides AGP version: 8.6.1
[  +11 ms] Error: Gradle build failed to produce an .apk file. It's likely that this file was generated under /Users/ahmedabdalmajed/Development/projects/alrawi_app/build, but the tool couldn't find it.
[        ] "flutter run" took 6,051ms.
[   +2 ms] executing: sw_vers -productName
[   +8 ms] Exit code 0 from: sw_vers -productName
[        ] macOS
[        ] executing: sw_vers -productVersion
[   +6 ms] Exit code 0 from: sw_vers -productVersion
[        ] 26.1
[        ] executing: sw_vers -buildVersion
[   +6 ms] Exit code 0 from: sw_vers -buildVersion
[        ] 25B78
[        ] executing: uname -m
[   +2 ms] Exit code 0 from: uname -m
[        ] arm64
[  +23 ms] 
           #0      throwToolExit (package:flutter_tools/src/base/common.dart:34:3)
           #1      RunCommand.runCommand (package:flutter_tools/src/commands/run.dart:897:9)
           <asynchronous suspension>
           #2      FlutterCommand.run.<anonymous closure> (package:flutter_tools/src/runner/flutter_command.dart:1559:27)
           <asynchronous suspension>
           #3      AppContext.run.<anonymous closure> (package:flutter_tools/src/base/context.dart:154:19)
           <asynchronous suspension>
           #4      CommandRunner.runCommand (package:args/command_runner.dart:212:13)
           <asynchronous suspension>
           #5      FlutterCommandRunner.runCommand.<anonymous closure> (package:flutter_tools/src/runner/flutter_command_runner.dart:487:9)
           <asynchronous suspension>
           #6      AppContext.run.<anonymous closure> (package:flutter_tools/src/base/context.dart:154:19)
           <asynchronous suspension>
           #7      FlutterCommandRunner.runCommand (package:flutter_tools/src/runner/flutter_command_runner.dart:422:5)
           <asynchronous suspension>
           #8      run.<anonymous closure>.<anonymous closure> (package:flutter_tools/runner.dart:104:11)
           <asynchronous suspension>
           #9      AppContext.run.<anonymous closure> (package:flutter_tools/src/base/context.dart:154:19)
           <asynchronous suspension>
           #10     main (package:flutter_tools/executable.dart:103:3)
           <asynchronous suspension>


[        ] Running 3 shutdown hooks
[   +1 ms] Shutdown hooks complete
[ +134 ms] exiting with code 1
